[2025-10-30 07:00:13] Cek pasien BPJS tanggal 2025-10-30 ...
[2025-10-30 17:24:38] === Service Antrean BPJS siap dijalankan ===
[2025-10-30 17:25:27] === Service Antrean BPJS siap dijalankan ===
[2025-10-30 17:25:42] === Service Antrean BPJS siap dijalankan ===
[2025-10-30 17:30:13] === Service Antrean BPJS siap dijalankan ===
[2025-10-30 17:31:49] === Service Antrean BPJS siap dijalankan ===
[2025-10-30 17:31:49] Cek pasien BPJS tanggal 2025-10-30 ...
[2025-10-30 17:31:49] Pasien dikirim: TEUKU AZZAM AL KAFI  => Response: {"metadata":{"code":201,"message":"missing data"}}
[2025-10-30 17:31:51] Pasien dikirim: TEUKU AZZAM AL KAFI  => Response: {"metadata":{"code":201,"message":"missing data"}}
[2025-10-30 17:31:52] Pasien dikirim: HARIST AZKHA MAULANA => Response: {"metadata":{"code":201,"message":"Jadwal dokter tidak ditemukan"}}
[2025-10-30 17:31:53] Pasien dikirim: HARIST AZKHA MAULANA => Response: {"metadata":{"code":200,"message":"Ok"}}
[2025-10-30 17:31:55] Pasien dikirim: HARIST AZKHA MAULANA => Response: {"metadata":{"code":201,"message":"Peserta sudah terdaftar di poli tersebut pada hari ini"}}
[2025-10-30 17:31:56] Pasien dikirim: HARIST AZKHA MAULANA => Response: {"metadata":{"code":201,"message":"Peserta sudah terdaftar di poli tersebut pada hari ini"}}
[2025-10-30 17:31:58] Pasien dikirim: HARIST AZKHA MAULANA => Response: {"metadata":{"code":201,"message":"Peserta sudah terdaftar di poli tersebut pada hari ini"}}
[2025-10-30 17:31:59] Pasien dikirim: HARIST AZKHA MAULANA => Response: {"metadata":{"code":201,"message":"Peserta sudah terdaftar di poli tersebut pada hari ini"}}
[2025-10-30 17:32:01] Pasien dikirim: IDAH => Response: {"metadata":{"code":201,"message":"missing data"}}
[2025-10-30 17:32:02] Pasien dikirim: IDAH => Response: {"metadata":{"code":201,"message":"missing data"}}
[2025-10-30 17:32:03] Pasien dikirim: IDAH => Response: {"metadata":{"code":201,"message":"missing data"}}
[2025-10-30 17:32:05] Pasien dikirim: IDAH => Response: {"metadata":{"code":201,"message":"missing data"}}
[2025-10-30 17:32:06] Pasien dikirim: HOLILA => Response: {"metadata":{"code":201,"message":"missing data"}}
[2025-10-30 17:32:08] Pasien dikirim: HOLILA => Response: {"metadata":{"code":201,"message":"missing data"}}
[2025-10-30 17:32:14] Cek pasien BPJS tanggal 2025-10-30 ...
[2025-10-30 17:32:14] Tidak ada pasien BPJS baru hari ini.
[2025-10-30 17:32:19] Cek pasien BPJS tanggal 2025-10-30 ...
[2025-10-30 17:32:19] Tidak ada pasien BPJS baru hari ini.
[2025-10-30 17:32:24] Cek pasien BPJS tanggal 2025-10-30 ...
[2025-10-30 17:32:24] Tidak ada pasien BPJS baru hari ini.
[2025-10-30 17:32:29] Cek pasien BPJS tanggal 2025-10-30 ...
[2025-10-30 17:32:29] Tidak ada pasien BPJS baru hari ini.
[2025-10-30 17:32:34] Cek pasien BPJS tanggal 2025-10-30 ...
[2025-10-30 17:32:34] Tidak ada pasien BPJS baru hari ini.
[2025-10-30 17:32:39] Cek pasien BPJS tanggal 2025-10-30 ...
[2025-10-30 17:32:39] Tidak ada pasien BPJS baru hari ini.
[2025-10-30 17:32:44] Cek pasien BPJS tanggal 2025-10-30 ...
[2025-10-30 17:32:44] Tidak ada pasien BPJS baru hari ini.
[2025-10-30 17:32:49] Cek pasien BPJS tanggal 2025-10-30 ...
[2025-10-30 17:32:49] Tidak ada pasien BPJS baru hari ini.
[2025-10-30 17:32:54] Cek pasien BPJS tanggal 2025-10-30 ...
[2025-10-30 17:32:54] Tidak ada pasien BPJS baru hari ini.
[2025-10-30 17:32:59] Cek pasien BPJS tanggal 2025-10-30 ...
[2025-10-30 17:32:59] Tidak ada pasien BPJS baru hari ini.
[2025-10-30 17:33:04] Cek pasien BPJS tanggal 2025-10-30 ...
[2025-10-30 17:33:04] Tidak ada pasien BPJS baru hari ini.
[2025-10-30 17:33:09] Cek pasien BPJS tanggal 2025-10-30 ...
[2025-10-30 17:33:09] Tidak ada pasien BPJS baru hari ini.
[2025-10-30 17:33:14] Cek pasien BPJS tanggal 2025-10-30 ...
[2025-10-30 17:33:14] Tidak ada pasien BPJS baru hari ini.
[2025-10-30 17:33:19] Cek pasien BPJS tanggal 2025-10-30 ...
[2025-10-30 17:33:19] Tidak ada pasien BPJS baru hari ini.
[2025-10-30 17:33:24] Cek pasien BPJS tanggal 2025-10-30 ...
[2025-10-30 17:33:24] Tidak ada pasien BPJS baru hari ini.
[2025-10-30 17:33:29] Cek pasien BPJS tanggal 2025-10-30 ...
[2025-10-30 17:33:29] Tidak ada pasien BPJS baru hari ini.
[2025-10-30 17:33:34] Cek pasien BPJS tanggal 2025-10-30 ...
[2025-10-30 17:33:34] Tidak ada pasien BPJS baru hari ini.
[2025-10-30 17:33:39] Cek pasien BPJS tanggal 2025-10-30 ...
[2025-10-30 17:33:39] Tidak ada pasien BPJS baru hari ini.
[2025-10-30 17:33:44] Cek pasien BPJS tanggal 2025-10-30 ...
[2025-10-30 17:33:44] Tidak ada pasien BPJS baru hari ini.
[2025-10-30 17:33:49] Cek pasien BPJS tanggal 2025-10-30 ...
[2025-10-30 17:33:49] Tidak ada pasien BPJS baru hari ini.
[2025-10-30 17:33:54] Cek pasien BPJS tanggal 2025-10-30 ...
[2025-10-30 17:33:54] Tidak ada pasien BPJS baru hari ini.
[2025-10-30 17:33:59] Cek pasien BPJS tanggal 2025-10-30 ...
[2025-10-30 17:33:59] Tidak ada pasien BPJS baru hari ini.
[2025-10-30 17:34:04] Cek pasien BPJS tanggal 2025-10-30 ...
[2025-10-30 17:34:04] Tidak ada pasien BPJS baru hari ini.
[2025-10-30 17:34:09] Cek pasien BPJS tanggal 2025-10-30 ...
[2025-10-30 17:34:09] Tidak ada pasien BPJS baru hari ini.
[2025-10-30 17:34:14] Cek pasien BPJS tanggal 2025-10-30 ...
[2025-10-30 17:34:14] Tidak ada pasien BPJS baru hari ini.
[2025-10-30 17:34:19] Cek pasien BPJS tanggal 2025-10-30 ...
[2025-10-30 17:34:19] Tidak ada pasien BPJS baru hari ini.
[2025-10-30 17:34:24] Cek pasien BPJS tanggal 2025-10-30 ...
[2025-10-30 17:34:24] Tidak ada pasien BPJS baru hari ini.
[2025-10-30 17:34:29] Cek pasien BPJS tanggal 2025-10-30 ...
[2025-10-30 17:34:29] Tidak ada pasien BPJS baru hari ini.
[2025-10-30 17:34:34] Cek pasien BPJS tanggal 2025-10-30 ...
[2025-10-30 17:34:34] Tidak ada pasien BPJS baru hari ini.
[2025-10-30 17:34:39] Cek pasien BPJS tanggal 2025-10-30 ...
[2025-10-30 17:34:39] Tidak ada pasien BPJS baru hari ini.
[2025-10-30 17:34:44] Cek pasien BPJS tanggal 2025-10-30 ...
[2025-10-30 17:34:44] Tidak ada pasien BPJS baru hari ini.
[2025-10-30 17:34:49] Cek pasien BPJS tanggal 2025-10-30 ...
[2025-10-30 17:34:49] Tidak ada pasien BPJS baru hari ini.
[2025-10-30 17:34:54] Cek pasien BPJS tanggal 2025-10-30 ...
[2025-10-30 17:34:54] Tidak ada pasien BPJS baru hari ini.
[2025-10-30 17:34:59] Cek pasien BPJS tanggal 2025-10-30 ...
[2025-10-30 17:34:59] Tidak ada pasien BPJS baru hari ini.
[2025-10-30 17:35:04] Cek pasien BPJS tanggal 2025-10-30 ...
[2025-10-30 17:35:04] Tidak ada pasien BPJS baru hari ini.
[2025-10-30 17:35:09] Cek pasien BPJS tanggal 2025-10-30 ...
[2025-10-30 17:35:09] Tidak ada pasien BPJS baru hari ini.
