[2026-01-14 09:49:32] === Service Antrean BPJS siap dijalankan ===
[2026-01-14 09:49:32] Cek pasien BPJS tanggal 2026-01-14 ...
[2026-01-14 09:49:32] Tidak ada pasien BPJS baru hari ini.
[2026-01-14 09:49:37] Cek pasien BPJS tanggal 2026-01-14 ...
[2026-01-14 09:49:37] Tidak ada pasien BPJS baru hari ini.
[2026-01-14 09:49:42] Cek pasien BPJS tanggal 2026-01-14 ...
[2026-01-14 09:49:42] Tidak ada pasien BPJS baru hari ini.
[2026-01-14 09:49:47] Cek pasien BPJS tanggal 2026-01-14 ...
[2026-01-14 09:49:47] Tidak ada pasien BPJS baru hari ini.
[2026-01-14 09:49:52] Cek pasien BPJS tanggal 2026-01-14 ...
[2026-01-14 09:49:52] Tidak ada pasien BPJS baru hari ini.
[2026-01-14 09:49:57] Cek pasien BPJS tanggal 2026-01-14 ...
[2026-01-14 09:49:57] Tidak ada pasien BPJS baru hari ini.
[2026-01-14 09:50:02] Cek pasien BPJS tanggal 2026-01-14 ...
[2026-01-14 09:50:02] Tidak ada pasien BPJS baru hari ini.
[2026-01-14 09:50:08] Cek pasien BPJS tanggal 2026-01-14 ...
[2026-01-14 09:50:08] Tidak ada pasien BPJS baru hari ini.
[2026-01-14 09:50:13] Cek pasien BPJS tanggal 2026-01-14 ...
[2026-01-14 09:50:13] Tidak ada pasien BPJS baru hari ini.
[2026-01-14 09:50:18] Cek pasien BPJS tanggal 2026-01-14 ...
[2026-01-14 09:50:18] Tidak ada pasien BPJS baru hari ini.
[2026-01-14 09:53:25] === Service Antrean BPJS siap dijalankan ===
[2026-01-14 09:53:25] Cek pasien BPJS tanggal 2026-01-14 ...
[2026-01-14 09:53:25] Tidak ada pasien BPJS baru hari ini.
[2026-01-14 09:53:30] Cek pasien BPJS tanggal 2026-01-14 ...
[2026-01-14 09:53:30] Tidak ada pasien BPJS baru hari ini.
[2026-01-14 09:53:35] Cek pasien BPJS tanggal 2026-01-14 ...
[2026-01-14 09:53:35] Tidak ada pasien BPJS baru hari ini.
[2026-01-14 10:03:30] === Service Antrean BPJS siap dijalankan ===
[2026-01-14 10:03:30] Cek pasien BPJS tanggal 2026-01-14 ...
[2026-01-14 10:03:30] Tidak ada pasien BPJS baru hari ini.
[2026-01-14 10:03:35] Cek pasien BPJS tanggal 2026-01-14 ...
[2026-01-14 10:03:35] Tidak ada pasien BPJS baru hari ini.
[2026-01-14 10:03:40] Cek pasien BPJS tanggal 2026-01-14 ...
[2026-01-14 10:03:40] Tidak ada pasien BPJS baru hari ini.
[2026-01-14 10:03:45] Cek pasien BPJS tanggal 2026-01-14 ...
[2026-01-14 12:23:46] === Service Antrean BPJS siap dijalankan ===
[2026-01-14 12:23:46] Cek pasien BPJS tanggal 2026-01-14 ...
[2026-01-14 12:23:47] Pasien dikirim: YA** RO****** => Status: gagal (201) | Pesan: Peserta sudah terdaftar di poli tersebut pada hari ini
[2026-01-14 12:23:53] Cek pasien BPJS tanggal 2026-01-14 ...
[2026-01-14 12:23:56] Pasien dikirim: YA** RO****** => Status: gagal (201) | Pesan: Peserta sudah terdaftar di poli tersebut pada hari ini
[2026-01-14 12:23:56] === Service Antrean BPJS siap dijalankan ===
[2026-01-14 12:23:56] Cek pasien BPJS tanggal 2026-01-14 ...
[2026-01-14 12:23:56] Tidak ada pasien BPJS baru hari ini.
[2026-01-14 12:24:01] Cek pasien BPJS tanggal 2026-01-14 ...
[2026-01-14 12:24:01] Tidak ada pasien BPJS baru hari ini.
[2026-01-14 12:24:02] Cek pasien BPJS tanggal 2026-01-14 ...
[2026-01-14 12:24:03] Pasien dikirim: YA** RO****** => Status: gagal (201) | Pesan: Peserta sudah terdaftar di poli tersebut pada hari ini
[2026-01-14 12:26:43] === Service Antrean BPJS siap dijalankan ===
[2026-01-14 12:26:43] Cek pasien BPJS tanggal 2026-01-14 ...
[2026-01-14 12:26:44] Pasien dikirim: YA** RO****** => Status: gagal (201) | Pesan: Peserta sudah terdaftar di poli tersebut pada hari ini
[2026-01-14 12:26:50] Cek pasien BPJS tanggal 2026-01-14 ...
[2026-01-14 12:26:52] Pasien dikirim: YA** RO****** => Status: gagal (201) | Pesan: Peserta sudah terdaftar di poli tersebut pada hari ini
[2026-01-14 12:26:58] Cek pasien BPJS tanggal 2026-01-14 ...
[2026-01-14 12:26:59] Pasien dikirim: YA** RO****** => Status: gagal (201) | Pesan: Peserta sudah terdaftar di poli tersebut pada hari ini
[2026-01-14 12:27:05] Cek pasien BPJS tanggal 2026-01-14 ...
[2026-01-14 12:27:09] Pasien dikirim: YA** RO****** => Status: gagal (201) | Pesan: Peserta sudah terdaftar di poli tersebut pada hari ini
[2026-01-14 12:27:15] Cek pasien BPJS tanggal 2026-01-14 ...
[2026-01-14 12:27:16] Pasien dikirim: YA** RO****** => Status: gagal (201) | Pesan: Peserta sudah terdaftar di poli tersebut pada hari ini
[2026-01-14 12:27:18] Pasien dikirim: BA** * KH***** HO***** => Status: sukses (200) | Pesan: Ok
[2026-01-14 12:27:24] Cek pasien BPJS tanggal 2026-01-14 ...
[2026-01-14 12:27:28] Pasien dikirim: YA** RO****** => Status: gagal (201) | Pesan: Peserta sudah terdaftar di poli tersebut pada hari ini
[2026-01-14 12:27:34] Cek pasien BPJS tanggal 2026-01-14 ...
[2026-01-14 12:27:35] Pasien dikirim: YA** RO****** => Status: gagal (201) | Pesan: Peserta sudah terdaftar di poli tersebut pada hari ini
[2026-01-14 12:28:03] === Service Antrean BPJS siap dijalankan ===
[2026-01-14 12:28:03] Cek pasien BPJS tanggal 2026-01-14 ...
[2026-01-14 12:28:04] Pasien dikirim: YA** RO****** => Status: gagal (201) | Pesan: Peserta sudah terdaftar di poli tersebut pada hari ini
[2026-01-14 12:28:10] Cek pasien BPJS tanggal 2026-01-14 ...
[2026-01-14 12:28:13] Pasien dikirim: YA** RO****** => Status: gagal (201) | Pesan: Peserta sudah terdaftar di poli tersebut pada hari ini
[2026-01-14 12:28:19] Cek pasien BPJS tanggal 2026-01-14 ...
[2026-01-14 12:28:20] Pasien dikirim: YA** RO****** => Status: gagal (201) | Pesan: Peserta sudah terdaftar di poli tersebut pada hari ini
[2026-01-14 12:28:26] Cek pasien BPJS tanggal 2026-01-14 ...
[2026-01-14 12:28:27] Pasien dikirim: YA** RO****** => Status: gagal (201) | Pesan: Peserta sudah terdaftar di poli tersebut pada hari ini
[2026-01-14 12:28:33] Cek pasien BPJS tanggal 2026-01-14 ...
[2026-01-14 12:28:34] Pasien dikirim: YA** RO****** => Status: gagal (201) | Pesan: Peserta sudah terdaftar di poli tersebut pada hari ini
[2026-01-14 12:28:40] Cek pasien BPJS tanggal 2026-01-14 ...
[2026-01-14 12:28:40] Pasien dikirim: YA** RO****** => Status: gagal (201) | Pesan: Peserta sudah terdaftar di poli tersebut pada hari ini
[2026-01-14 13:23:20] === Service Antrean BPJS siap dijalankan ===
[2026-01-14 13:23:20] Cek pasien BPJS tanggal 2026-01-14 ...
[2026-01-14 13:23:21] Pasien dikirim: YA** RO****** => Status: gagal (201) | Pesan: Peserta sudah terdaftar di poli tersebut pada hari ini
[2026-01-14 13:23:23] Pasien dikirim: APRI NOVEN => Status: gagal (201) | Pesan: Jadwal dokter tidak ditemukan
[2026-01-14 13:23:29] Cek pasien BPJS tanggal 2026-01-14 ...
[2026-01-14 13:23:29] Tidak ada pasien BPJS baru hari ini.
[2026-01-14 13:23:34] Cek pasien BPJS tanggal 2026-01-14 ...
[2026-01-14 13:23:34] Tidak ada pasien BPJS baru hari ini.
[2026-01-14 13:23:39] Cek pasien BPJS tanggal 2026-01-14 ...
[2026-01-14 13:23:39] Tidak ada pasien BPJS baru hari ini.
[2026-01-14 13:23:44] Cek pasien BPJS tanggal 2026-01-14 ...
[2026-01-14 13:23:44] Tidak ada pasien BPJS baru hari ini.
[2026-01-14 13:23:49] Cek pasien BPJS tanggal 2026-01-14 ...
[2026-01-14 13:23:49] Tidak ada pasien BPJS baru hari ini.
[2026-01-14 13:23:54] Cek pasien BPJS tanggal 2026-01-14 ...
[2026-01-14 13:23:54] Tidak ada pasien BPJS baru hari ini.
[2026-01-14 13:23:59] Cek pasien BPJS tanggal 2026-01-14 ...
[2026-01-14 13:23:59] Tidak ada pasien BPJS baru hari ini.
[2026-01-14 13:26:40] === Service Antrean BPJS siap dijalankan ===
[2026-01-14 13:26:40] Cek pasien BPJS tanggal 2026-01-14 ...
[2026-01-14 13:26:41] Pasien dikirim: WAWAN => Status: gagal (201) | Pesan: Jadwal dokter tidak ditemukan
[2026-01-14 13:26:47] Cek pasien BPJS tanggal 2026-01-14 ...
[2026-01-14 13:26:47] Tidak ada pasien BPJS baru hari ini.
[2026-01-14 13:26:52] Cek pasien BPJS tanggal 2026-01-14 ...
[2026-01-14 13:26:52] Tidak ada pasien BPJS baru hari ini.
[2026-01-14 13:26:57] Cek pasien BPJS tanggal 2026-01-14 ...
[2026-01-14 13:26:57] Tidak ada pasien BPJS baru hari ini.
[2026-01-14 13:27:02] Cek pasien BPJS tanggal 2026-01-14 ...
[2026-01-14 13:27:02] Tidak ada pasien BPJS baru hari ini.
[2026-01-14 13:27:07] Cek pasien BPJS tanggal 2026-01-14 ...
[2026-01-14 13:27:07] Tidak ada pasien BPJS baru hari ini.
[2026-01-14 13:27:12] Cek pasien BPJS tanggal 2026-01-14 ...
[2026-01-14 13:27:12] Tidak ada pasien BPJS baru hari ini.
[2026-01-14 13:27:17] Cek pasien BPJS tanggal 2026-01-14 ...
[2026-01-14 13:27:17] Tidak ada pasien BPJS baru hari ini.
[2026-01-14 13:27:22] Cek pasien BPJS tanggal 2026-01-14 ...
[2026-01-14 13:27:22] Tidak ada pasien BPJS baru hari ini.
[2026-01-14 13:27:27] Cek pasien BPJS tanggal 2026-01-14 ...
[2026-01-14 13:27:27] Tidak ada pasien BPJS baru hari ini.
[2026-01-14 13:27:32] Cek pasien BPJS tanggal 2026-01-14 ...
[2026-01-14 13:27:32] Tidak ada pasien BPJS baru hari ini.
[2026-01-14 13:27:37] Cek pasien BPJS tanggal 2026-01-14 ...
[2026-01-14 13:27:37] Tidak ada pasien BPJS baru hari ini.
[2026-01-14 13:27:42] Cek pasien BPJS tanggal 2026-01-14 ...
[2026-01-14 13:27:42] Tidak ada pasien BPJS baru hari ini.
[2026-01-14 13:27:47] Cek pasien BPJS tanggal 2026-01-14 ...
[2026-01-14 13:27:47] Tidak ada pasien BPJS baru hari ini.
[2026-01-14 13:27:52] Cek pasien BPJS tanggal 2026-01-14 ...
[2026-01-14 13:27:52] Tidak ada pasien BPJS baru hari ini.
[2026-01-14 13:27:57] Cek pasien BPJS tanggal 2026-01-14 ...
[2026-01-14 13:27:57] Tidak ada pasien BPJS baru hari ini.
[2026-01-14 13:28:02] Cek pasien BPJS tanggal 2026-01-14 ...
[2026-01-14 13:28:02] Tidak ada pasien BPJS baru hari ini.
[2026-01-14 13:28:07] Cek pasien BPJS tanggal 2026-01-14 ...
[2026-01-14 13:28:07] Tidak ada pasien BPJS baru hari ini.
[2026-01-14 13:28:12] Cek pasien BPJS tanggal 2026-01-14 ...
[2026-01-14 13:28:12] Tidak ada pasien BPJS baru hari ini.
[2026-01-14 13:28:17] Cek pasien BPJS tanggal 2026-01-14 ...
[2026-01-14 13:28:17] Tidak ada pasien BPJS baru hari ini.
[2026-01-14 13:28:22] Cek pasien BPJS tanggal 2026-01-14 ...
[2026-01-14 13:28:22] Tidak ada pasien BPJS baru hari ini.
[2026-01-14 13:28:27] Cek pasien BPJS tanggal 2026-01-14 ...
[2026-01-14 13:28:27] Tidak ada pasien BPJS baru hari ini.
[2026-01-14 13:28:32] Cek pasien BPJS tanggal 2026-01-14 ...
[2026-01-14 13:28:32] Tidak ada pasien BPJS baru hari ini.
[2026-01-14 13:28:37] Cek pasien BPJS tanggal 2026-01-14 ...
[2026-01-14 13:28:37] Tidak ada pasien BPJS baru hari ini.
[2026-01-14 13:28:42] Cek pasien BPJS tanggal 2026-01-14 ...
[2026-01-14 13:28:42] Tidak ada pasien BPJS baru hari ini.
[2026-01-14 13:28:47] Cek pasien BPJS tanggal 2026-01-14 ...
[2026-01-14 13:28:47] Tidak ada pasien BPJS baru hari ini.
[2026-01-14 13:28:52] Cek pasien BPJS tanggal 2026-01-14 ...
[2026-01-14 13:28:52] Tidak ada pasien BPJS baru hari ini.
[2026-01-14 13:28:57] Cek pasien BPJS tanggal 2026-01-14 ...
[2026-01-14 13:28:57] Tidak ada pasien BPJS baru hari ini.
[2026-01-14 13:29:02] Cek pasien BPJS tanggal 2026-01-14 ...
[2026-01-14 13:29:02] Tidak ada pasien BPJS baru hari ini.
[2026-01-14 13:29:19] === Service Antrean BPJS siap dijalankan ===
[2026-01-14 13:29:19] Cek pasien BPJS tanggal 2026-01-14 ...
[2026-01-14 13:29:19] Pasien dikirim: APRI NOVEN => Status: gagal (201) | Pesan: Jadwal dokter tidak ditemukan
[2026-01-14 13:29:21] Pasien dikirim: WAWAN => Status: gagal (201) | Pesan: Peserta sudah terdaftar di poli tersebut pada hari ini
[2026-01-14 13:29:27] Cek pasien BPJS tanggal 2026-01-14 ...
[2026-01-14 13:29:27] Pasien dikirim: APRI NOVEN => Status: gagal (201) | Pesan: Jadwal dokter tidak ditemukan
[2026-01-14 13:29:29] Pasien dikirim: WAWAN => Status: gagal (201) | Pesan: Peserta sudah terdaftar di poli tersebut pada hari ini
[2026-01-14 13:49:48] === Service Antrean BPJS siap dijalankan ===
[2026-01-14 13:49:48] Cek pasien BPJS tanggal 2026-01-14 ...
[2026-01-14 13:49:48] Pasien dikirim: APRI NOVEN => Status: gagal (201) | Pesan: Jadwal dokter tidak ditemukan
[2026-01-14 13:49:54] Cek pasien BPJS tanggal 2026-01-14 ...
[2026-01-14 13:49:55] Pasien dikirim: APRI NOVEN => Status: gagal (201) | Pesan: Jadwal dokter tidak ditemukan
[2026-01-14 14:00:26] === Service Antrean BPJS siap dijalankan ===
[2026-01-14 14:00:26] Cek pasien BPJS tanggal 2026-01-14 ...
[2026-01-14 14:00:26] Pasien dikirim: APRI NOVEN => Status: gagal (201) | Pesan: Jadwal dokter tidak ditemukan
[2026-01-14 14:00:32] Cek pasien BPJS tanggal 2026-01-14 ...
[2026-01-14 14:00:32] Pasien dikirim: APRI NOVEN => Status: gagal (201) | Pesan: Jadwal dokter tidak ditemukan
[2026-01-14 14:02:01] === Service Antrean BPJS siap dijalankan ===
[2026-01-14 14:02:01] Cek pasien BPJS tanggal 2026-01-14 ...
[2026-01-14 14:02:01] Pasien dikirim: APRI NOVEN => Status: sukses (200) | Pesan: Ok
[2026-01-14 14:02:07] Cek pasien BPJS tanggal 2026-01-14 ...
[2026-01-14 14:02:08] Pasien dikirim: APRI NOVEN => Status: gagal (201) | Pesan: Peserta sudah terdaftar di poli tersebut pada hari ini
[2026-01-14 14:02:14] Cek pasien BPJS tanggal 2026-01-14 ...
[2026-01-14 14:02:15] Pasien dikirim: APRI NOVEN => Status: gagal (201) | Pesan: Peserta sudah terdaftar di poli tersebut pada hari ini
[2026-01-14 14:04:42] === Service Antrean BPJS siap dijalankan ===
[2026-01-14 14:04:42] Cek pasien BPJS tanggal 2026-01-14 ...
[2026-01-14 14:04:43] Pasien dikirim: APRI NOVEN => Status: gagal (201) | Pesan: Peserta sudah terdaftar di poli tersebut pada hari ini
[2026-01-14 14:04:44] Pasien dikirim: subali => Status: gagal (201) | Pesan: nomor kartu tidak valid, silahkan periksa kembali nomor kartu
[2026-01-14 14:05:10] === Service Antrean BPJS siap dijalankan ===
[2026-01-14 14:05:10] Cek pasien BPJS tanggal 2026-01-14 ...
[2026-01-14 14:05:11] Pasien dikirim: APRI NOVEN => Status: gagal (201) | Pesan: Peserta sudah terdaftar di poli tersebut pada hari ini
[2026-01-14 14:05:12] Pasien dikirim: NURUL ADHA BAROKAH => Status: sukses (200) | Pesan: Ok
[2026-01-14 14:11:10] === Service Antrean BPJS siap dijalankan ===
[2026-01-14 14:11:10] Cek pasien BPJS tanggal 2026-01-14 ...
[2026-01-14 14:11:11] Pasien dikirim: APRI NOVEN => Status: gagal (201) | Pesan: Peserta sudah terdaftar di poli tersebut pada hari ini
[2026-01-14 14:11:12] Pasien dikirim: NURUL ADHA BAROKAH => Status: gagal (201) | Pesan: Peserta sudah terdaftar di poli tersebut pada hari ini
[2026-01-14 14:11:14] Pasien dikirim: HARIST AZKHA MAULANA => Status: gagal (201) | Pesan: Peserta sudah terdaftar di poli tersebut pada hari ini
[2026-01-14 14:11:20] Cek pasien BPJS tanggal 2026-01-14 ...
[2026-01-14 14:11:20] Tidak ada pasien BPJS baru hari ini.
[2026-01-14 14:12:15] === Service Antrean BPJS siap dijalankan ===
[2026-01-14 14:12:15] Cek pasien BPJS tanggal 2026-01-14 ...
[2026-01-14 14:12:16] Pasien dikirim: TEUKU AZZAM AL KAFI  => Status: sukses (200) | Pesan: Ok
[2026-01-14 14:13:06] === Service Antrean BPJS siap dijalankan ===
[2026-01-14 14:13:06] Cek pasien BPJS tanggal 2026-01-14 ...
[2026-01-14 14:13:07] Pasien dikirim: APRI NOVEN => Status: gagal (201) | Pesan: Peserta sudah terdaftar di poli tersebut pada hari ini
[2026-01-14 14:13:09] Pasien dikirim: NURUL ADHA BAROKAH => Status: gagal (201) | Pesan: Peserta sudah terdaftar di poli tersebut pada hari ini
[2026-01-14 14:13:10] Pasien dikirim: HARIST AZKHA MAULANA => Status: gagal (201) | Pesan: Peserta sudah terdaftar di poli tersebut pada hari ini
[2026-01-14 14:13:16] Cek pasien BPJS tanggal 2026-01-14 ...
[2026-01-14 14:13:17] Pasien dikirim: APRI NOVEN => Status: gagal (201) | Pesan: Peserta sudah terdaftar di poli tersebut pada hari ini
[2026-01-14 14:13:18] Pasien dikirim: NURUL ADHA BAROKAH => Status: gagal (201) | Pesan: Peserta sudah terdaftar di poli tersebut pada hari ini
[2026-01-14 14:13:20] Pasien dikirim: HARIST AZKHA MAULANA => Status: gagal (201) | Pesan: Peserta sudah terdaftar di poli tersebut pada hari ini
[2026-01-14 14:13:42] === Service Antrean BPJS siap dijalankan ===
[2026-01-14 14:13:42] Cek pasien BPJS tanggal 2026-01-14 ...
[2026-01-14 14:13:42] Pasien dikirim: APRI NOVEN => Status: gagal (201) | Pesan: Peserta sudah terdaftar di poli tersebut pada hari ini
[2026-01-14 14:13:44] Pasien dikirim: NURUL ADHA BAROKAH => Status: gagal (201) | Pesan: Peserta sudah terdaftar di poli tersebut pada hari ini
[2026-01-14 14:13:45] Pasien dikirim: HARIST AZKHA MAULANA => Status: gagal (201) | Pesan: Peserta sudah terdaftar di poli tersebut pada hari ini
[2026-01-14 14:13:47] Pasien dikirim: IDAH => Status: sukses (200) | Pesan: Ok
[2026-01-14 14:13:53] Cek pasien BPJS tanggal 2026-01-14 ...
[2026-01-14 14:13:53] Pasien dikirim: APRI NOVEN => Status: gagal (201) | Pesan: Peserta sudah terdaftar di poli tersebut pada hari ini
[2026-01-14 14:13:55] Pasien dikirim: NURUL ADHA BAROKAH => Status: gagal (201) | Pesan: Peserta sudah terdaftar di poli tersebut pada hari ini
[2026-01-14 14:13:57] Pasien dikirim: HARIST AZKHA MAULANA => Status: gagal (201) | Pesan: Peserta sudah terdaftar di poli tersebut pada hari ini
[2026-01-14 14:14:03] Cek pasien BPJS tanggal 2026-01-14 ...
[2026-01-14 14:14:03] Pasien dikirim: APRI NOVEN => Status: gagal (201) | Pesan: Peserta sudah terdaftar di poli tersebut pada hari ini
