[2026-03-07 15:23:09] === Service Antrean BPJS siap dijalankan ===
[2026-03-07 15:23:09] Cek pasien BPJS tanggal 2026-03-07 (SABTU) ...
[2026-03-07 15:23:09] Tidak ada pasien BPJS baru hari ini.
[2026-03-07 15:23:14] Cek pasien BPJS tanggal 2026-03-07 (SABTU) ...
[2026-03-07 15:23:14] Tidak ada pasien BPJS baru hari ini.
[2026-03-07 15:23:19] Cek pasien BPJS tanggal 2026-03-07 (SABTU) ...
[2026-03-07 15:23:19] Tidak ada pasien BPJS baru hari ini.
[2026-03-07 15:23:24] Cek pasien BPJS tanggal 2026-03-07 (SABTU) ...
[2026-03-07 15:23:24] Tidak ada pasien BPJS baru hari ini.
[2026-03-07 15:23:29] Cek pasien BPJS tanggal 2026-03-07 (SABTU) ...
[2026-03-07 15:23:29] Tidak ada pasien BPJS baru hari ini.
[2026-03-07 15:23:34] Cek pasien BPJS tanggal 2026-03-07 (SABTU) ...
[2026-03-07 15:23:34] Tidak ada pasien BPJS baru hari ini.
[2026-03-07 15:23:39] Cek pasien BPJS tanggal 2026-03-07 (SABTU) ...
[2026-03-07 15:23:39] Tidak ada pasien BPJS baru hari ini.
[2026-03-07 15:23:44] Cek pasien BPJS tanggal 2026-03-07 (SABTU) ...
[2026-03-07 15:23:44] PAYLOAD BPJS (RAW):
[2026-03-07 15:23:44] {
    "nomorkartu": "0002059514019",
    "nik": "9106124106850005",
    "nohp": "-",
    "kodepoli": "001",
    "namapoli": "Poliklinik Umum",
    "norm": "2602261617",
    "tanggalperiksa": "2026-03-07",
    "kodedokter": "326442",
    "namadokter": "dr. Mey Merry Sidauruk",
    "jampraktek": "15:00-20:00",
    "nomorantrean": "MM-001",
    "angkaantrean": "001",
    "keterangan": ""
}
[2026-03-07 15:23:44] ======================================
[2026-03-07 15:23:45] Pasien dikirim: LORENCIA YUNITA MARLISSA => Status: sukses (200) | Pesan: Ok
[2026-03-07 15:23:51] Cek pasien BPJS tanggal 2026-03-07 (SABTU) ...
[2026-03-07 15:23:51] Tidak ada pasien BPJS baru hari ini.
[2026-03-07 15:23:56] Cek pasien BPJS tanggal 2026-03-07 (SABTU) ...
[2026-03-07 15:23:56] Tidak ada pasien BPJS baru hari ini.
[2026-03-07 15:24:01] Cek pasien BPJS tanggal 2026-03-07 (SABTU) ...
[2026-03-07 15:24:01] Tidak ada pasien BPJS baru hari ini.
[2026-03-07 15:24:06] Cek pasien BPJS tanggal 2026-03-07 (SABTU) ...
[2026-03-07 15:24:06] Tidak ada pasien BPJS baru hari ini.
[2026-03-07 15:24:11] Cek pasien BPJS tanggal 2026-03-07 (SABTU) ...
[2026-03-07 15:24:11] Tidak ada pasien BPJS baru hari ini.
[2026-03-07 15:24:16] Cek pasien BPJS tanggal 2026-03-07 (SABTU) ...
[2026-03-07 15:24:16] Tidak ada pasien BPJS baru hari ini.
[2026-03-07 15:24:21] Cek pasien BPJS tanggal 2026-03-07 (SABTU) ...
[2026-03-07 15:24:21] Tidak ada pasien BPJS baru hari ini.
[2026-03-07 15:24:26] Cek pasien BPJS tanggal 2026-03-07 (SABTU) ...
[2026-03-07 15:24:26] Tidak ada pasien BPJS baru hari ini.
[2026-03-07 15:24:31] Cek pasien BPJS tanggal 2026-03-07 (SABTU) ...
[2026-03-07 15:24:31] Tidak ada pasien BPJS baru hari ini.
[2026-03-07 15:24:36] Cek pasien BPJS tanggal 2026-03-07 (SABTU) ...
[2026-03-07 15:24:36] Tidak ada pasien BPJS baru hari ini.
[2026-03-07 15:24:41] Cek pasien BPJS tanggal 2026-03-07 (SABTU) ...
[2026-03-07 15:24:41] Tidak ada pasien BPJS baru hari ini.
[2026-03-07 15:24:46] Cek pasien BPJS tanggal 2026-03-07 (SABTU) ...
[2026-03-07 15:24:46] Tidak ada pasien BPJS baru hari ini.
[2026-03-07 15:24:51] Cek pasien BPJS tanggal 2026-03-07 (SABTU) ...
[2026-03-07 15:24:51] Tidak ada pasien BPJS baru hari ini.
[2026-03-07 15:24:56] Cek pasien BPJS tanggal 2026-03-07 (SABTU) ...
[2026-03-07 15:24:56] Tidak ada pasien BPJS baru hari ini.
[2026-03-07 15:25:01] Cek pasien BPJS tanggal 2026-03-07 (SABTU) ...
[2026-03-07 15:25:01] Tidak ada pasien BPJS baru hari ini.
[2026-03-07 15:25:06] Cek pasien BPJS tanggal 2026-03-07 (SABTU) ...
[2026-03-07 15:25:06] Tidak ada pasien BPJS baru hari ini.
[2026-03-07 15:25:11] Cek pasien BPJS tanggal 2026-03-07 (SABTU) ...
[2026-03-07 15:25:11] Tidak ada pasien BPJS baru hari ini.
[2026-03-07 15:25:16] Cek pasien BPJS tanggal 2026-03-07 (SABTU) ...
[2026-03-07 15:25:16] Tidak ada pasien BPJS baru hari ini.
[2026-03-07 15:25:21] Cek pasien BPJS tanggal 2026-03-07 (SABTU) ...
[2026-03-07 15:25:21] Tidak ada pasien BPJS baru hari ini.
[2026-03-07 15:25:26] Cek pasien BPJS tanggal 2026-03-07 (SABTU) ...
[2026-03-07 15:25:26] Tidak ada pasien BPJS baru hari ini.
[2026-03-07 15:25:31] Cek pasien BPJS tanggal 2026-03-07 (SABTU) ...
[2026-03-07 15:25:31] Tidak ada pasien BPJS baru hari ini.
[2026-03-07 15:25:36] Cek pasien BPJS tanggal 2026-03-07 (SABTU) ...
[2026-03-07 15:25:36] Tidak ada pasien BPJS baru hari ini.
[2026-03-07 15:25:41] Cek pasien BPJS tanggal 2026-03-07 (SABTU) ...
[2026-03-07 15:25:41] Tidak ada pasien BPJS baru hari ini.
[2026-03-07 15:25:46] Cek pasien BPJS tanggal 2026-03-07 (SABTU) ...
[2026-03-07 15:25:46] Tidak ada pasien BPJS baru hari ini.
[2026-03-07 15:25:51] Cek pasien BPJS tanggal 2026-03-07 (SABTU) ...
[2026-03-07 15:25:51] Tidak ada pasien BPJS baru hari ini.
[2026-03-07 15:25:56] Cek pasien BPJS tanggal 2026-03-07 (SABTU) ...
[2026-03-07 15:25:56] Tidak ada pasien BPJS baru hari ini.
[2026-03-07 15:26:01] Cek pasien BPJS tanggal 2026-03-07 (SABTU) ...
[2026-03-07 15:26:01] Tidak ada pasien BPJS baru hari ini.
[2026-03-07 15:26:06] Cek pasien BPJS tanggal 2026-03-07 (SABTU) ...
[2026-03-07 15:26:06] Tidak ada pasien BPJS baru hari ini.
[2026-03-07 15:26:11] Cek pasien BPJS tanggal 2026-03-07 (SABTU) ...
[2026-03-07 15:26:11] Tidak ada pasien BPJS baru hari ini.
[2026-03-07 15:26:16] Cek pasien BPJS tanggal 2026-03-07 (SABTU) ...
[2026-03-07 15:26:16] Tidak ada pasien BPJS baru hari ini.
[2026-03-07 15:26:21] Cek pasien BPJS tanggal 2026-03-07 (SABTU) ...
[2026-03-07 15:26:21] Tidak ada pasien BPJS baru hari ini.
[2026-03-07 15:26:26] Cek pasien BPJS tanggal 2026-03-07 (SABTU) ...
[2026-03-07 15:26:26] Tidak ada pasien BPJS baru hari ini.
[2026-03-07 15:26:31] Cek pasien BPJS tanggal 2026-03-07 (SABTU) ...
[2026-03-07 15:26:31] Tidak ada pasien BPJS baru hari ini.
[2026-03-07 15:26:36] Cek pasien BPJS tanggal 2026-03-07 (SABTU) ...
[2026-03-07 15:26:36] Tidak ada pasien BPJS baru hari ini.
[2026-03-07 15:26:41] Cek pasien BPJS tanggal 2026-03-07 (SABTU) ...
[2026-03-07 15:26:41] Tidak ada pasien BPJS baru hari ini.
[2026-03-07 15:26:46] Cek pasien BPJS tanggal 2026-03-07 (SABTU) ...
[2026-03-07 15:26:46] Tidak ada pasien BPJS baru hari ini.
[2026-03-07 15:26:51] Cek pasien BPJS tanggal 2026-03-07 (SABTU) ...
[2026-03-07 15:26:51] Tidak ada pasien BPJS baru hari ini.
[2026-03-07 15:26:56] Cek pasien BPJS tanggal 2026-03-07 (SABTU) ...
[2026-03-07 15:26:56] Tidak ada pasien BPJS baru hari ini.
[2026-03-07 15:27:01] Cek pasien BPJS tanggal 2026-03-07 (SABTU) ...
[2026-03-07 15:27:01] Tidak ada pasien BPJS baru hari ini.
[2026-03-07 15:27:06] Cek pasien BPJS tanggal 2026-03-07 (SABTU) ...
[2026-03-07 15:27:06] Tidak ada pasien BPJS baru hari ini.
[2026-03-07 15:27:11] Cek pasien BPJS tanggal 2026-03-07 (SABTU) ...
[2026-03-07 15:27:11] Tidak ada pasien BPJS baru hari ini.
[2026-03-07 15:27:16] Cek pasien BPJS tanggal 2026-03-07 (SABTU) ...
[2026-03-07 15:27:16] Tidak ada pasien BPJS baru hari ini.
[2026-03-07 15:27:21] Cek pasien BPJS tanggal 2026-03-07 (SABTU) ...
[2026-03-07 15:27:21] Tidak ada pasien BPJS baru hari ini.
[2026-03-07 15:27:26] Cek pasien BPJS tanggal 2026-03-07 (SABTU) ...
[2026-03-07 15:27:26] Tidak ada pasien BPJS baru hari ini.
[2026-03-07 15:27:31] Cek pasien BPJS tanggal 2026-03-07 (SABTU) ...
[2026-03-07 15:27:31] Tidak ada pasien BPJS baru hari ini.
[2026-03-07 15:27:36] Cek pasien BPJS tanggal 2026-03-07 (SABTU) ...
[2026-03-07 15:27:36] Tidak ada pasien BPJS baru hari ini.
[2026-03-07 15:27:41] Cek pasien BPJS tanggal 2026-03-07 (SABTU) ...
[2026-03-07 15:27:41] Tidak ada pasien BPJS baru hari ini.
[2026-03-07 15:27:46] Cek pasien BPJS tanggal 2026-03-07 (SABTU) ...
[2026-03-07 15:27:46] Tidak ada pasien BPJS baru hari ini.
[2026-03-07 15:27:51] Cek pasien BPJS tanggal 2026-03-07 (SABTU) ...
[2026-03-07 15:27:51] Tidak ada pasien BPJS baru hari ini.
[2026-03-07 15:27:56] Cek pasien BPJS tanggal 2026-03-07 (SABTU) ...
[2026-03-07 15:27:56] Tidak ada pasien BPJS baru hari ini.
[2026-03-07 15:28:01] Cek pasien BPJS tanggal 2026-03-07 (SABTU) ...
[2026-03-07 15:28:01] Tidak ada pasien BPJS baru hari ini.
[2026-03-07 15:28:06] Cek pasien BPJS tanggal 2026-03-07 (SABTU) ...
[2026-03-07 15:28:06] Tidak ada pasien BPJS baru hari ini.
[2026-03-07 15:28:11] Cek pasien BPJS tanggal 2026-03-07 (SABTU) ...
[2026-03-07 15:28:11] Tidak ada pasien BPJS baru hari ini.
[2026-03-07 15:28:16] Cek pasien BPJS tanggal 2026-03-07 (SABTU) ...
[2026-03-07 15:28:16] Tidak ada pasien BPJS baru hari ini.
[2026-03-07 15:28:21] Cek pasien BPJS tanggal 2026-03-07 (SABTU) ...
[2026-03-07 15:28:21] Tidak ada pasien BPJS baru hari ini.
[2026-03-07 15:28:26] Cek pasien BPJS tanggal 2026-03-07 (SABTU) ...
[2026-03-07 15:28:26] Tidak ada pasien BPJS baru hari ini.
[2026-03-07 15:28:31] Cek pasien BPJS tanggal 2026-03-07 (SABTU) ...
[2026-03-07 15:28:31] Tidak ada pasien BPJS baru hari ini.
[2026-03-07 15:28:36] Cek pasien BPJS tanggal 2026-03-07 (SABTU) ...
[2026-03-07 15:28:36] Tidak ada pasien BPJS baru hari ini.
[2026-03-07 15:28:41] Cek pasien BPJS tanggal 2026-03-07 (SABTU) ...
[2026-03-07 15:28:41] Tidak ada pasien BPJS baru hari ini.
[2026-03-07 15:28:46] Cek pasien BPJS tanggal 2026-03-07 (SABTU) ...
[2026-03-07 15:28:46] Tidak ada pasien BPJS baru hari ini.
[2026-03-07 15:28:51] Cek pasien BPJS tanggal 2026-03-07 (SABTU) ...
[2026-03-07 15:28:51] Tidak ada pasien BPJS baru hari ini.
[2026-03-07 15:28:56] Cek pasien BPJS tanggal 2026-03-07 (SABTU) ...
[2026-03-07 15:28:56] Tidak ada pasien BPJS baru hari ini.
[2026-03-07 15:29:01] Cek pasien BPJS tanggal 2026-03-07 (SABTU) ...
[2026-03-07 15:29:01] Tidak ada pasien BPJS baru hari ini.
[2026-03-07 15:29:06] Cek pasien BPJS tanggal 2026-03-07 (SABTU) ...
[2026-03-07 15:29:06] Tidak ada pasien BPJS baru hari ini.
[2026-03-07 15:29:11] Cek pasien BPJS tanggal 2026-03-07 (SABTU) ...
[2026-03-07 15:29:11] Tidak ada pasien BPJS baru hari ini.
[2026-03-07 15:29:16] Cek pasien BPJS tanggal 2026-03-07 (SABTU) ...
[2026-03-07 15:29:16] Tidak ada pasien BPJS baru hari ini.
[2026-03-07 15:29:21] Cek pasien BPJS tanggal 2026-03-07 (SABTU) ...
[2026-03-07 15:29:21] Tidak ada pasien BPJS baru hari ini.
[2026-03-07 15:29:26] Cek pasien BPJS tanggal 2026-03-07 (SABTU) ...
[2026-03-07 15:29:26] Tidak ada pasien BPJS baru hari ini.
[2026-03-07 15:29:31] Cek pasien BPJS tanggal 2026-03-07 (SABTU) ...
[2026-03-07 15:29:31] Tidak ada pasien BPJS baru hari ini.
[2026-03-07 15:29:36] Cek pasien BPJS tanggal 2026-03-07 (SABTU) ...
[2026-03-07 15:29:36] Tidak ada pasien BPJS baru hari ini.
[2026-03-07 15:29:42] Cek pasien BPJS tanggal 2026-03-07 (SABTU) ...
[2026-03-07 15:29:42] Tidak ada pasien BPJS baru hari ini.
[2026-03-07 15:29:47] Cek pasien BPJS tanggal 2026-03-07 (SABTU) ...
[2026-03-07 15:29:47] Tidak ada pasien BPJS baru hari ini.
[2026-03-07 15:29:52] Cek pasien BPJS tanggal 2026-03-07 (SABTU) ...
[2026-03-07 15:29:52] Tidak ada pasien BPJS baru hari ini.
[2026-03-07 15:29:57] Cek pasien BPJS tanggal 2026-03-07 (SABTU) ...
[2026-03-07 15:29:57] Tidak ada pasien BPJS baru hari ini.
[2026-03-07 15:30:02] Cek pasien BPJS tanggal 2026-03-07 (SABTU) ...
[2026-03-07 15:30:02] Tidak ada pasien BPJS baru hari ini.
[2026-03-07 15:30:07] Cek pasien BPJS tanggal 2026-03-07 (SABTU) ...
[2026-03-07 15:30:07] Tidak ada pasien BPJS baru hari ini.
[2026-03-07 15:30:12] Cek pasien BPJS tanggal 2026-03-07 (SABTU) ...
[2026-03-07 15:30:12] Tidak ada pasien BPJS baru hari ini.
[2026-03-07 15:30:17] Cek pasien BPJS tanggal 2026-03-07 (SABTU) ...
[2026-03-07 15:30:17] Tidak ada pasien BPJS baru hari ini.
[2026-03-07 15:30:22] Cek pasien BPJS tanggal 2026-03-07 (SABTU) ...
[2026-03-07 15:30:22] Tidak ada pasien BPJS baru hari ini.
[2026-03-07 15:30:27] Cek pasien BPJS tanggal 2026-03-07 (SABTU) ...
[2026-03-07 15:30:27] Tidak ada pasien BPJS baru hari ini.
[2026-03-07 15:30:32] Cek pasien BPJS tanggal 2026-03-07 (SABTU) ...
[2026-03-07 15:30:32] Tidak ada pasien BPJS baru hari ini.
[2026-03-07 15:30:37] Cek pasien BPJS tanggal 2026-03-07 (SABTU) ...
[2026-03-07 15:30:37] Tidak ada pasien BPJS baru hari ini.
[2026-03-07 15:30:42] Cek pasien BPJS tanggal 2026-03-07 (SABTU) ...
[2026-03-07 15:30:42] Tidak ada pasien BPJS baru hari ini.
[2026-03-07 15:30:47] Cek pasien BPJS tanggal 2026-03-07 (SABTU) ...
[2026-03-07 15:30:47] Tidak ada pasien BPJS baru hari ini.
[2026-03-07 15:30:52] Cek pasien BPJS tanggal 2026-03-07 (SABTU) ...
[2026-03-07 15:30:52] Tidak ada pasien BPJS baru hari ini.
[2026-03-07 15:30:57] Cek pasien BPJS tanggal 2026-03-07 (SABTU) ...
[2026-03-07 15:30:57] Tidak ada pasien BPJS baru hari ini.
[2026-03-07 15:31:02] Cek pasien BPJS tanggal 2026-03-07 (SABTU) ...
[2026-03-07 15:31:02] Tidak ada pasien BPJS baru hari ini.
[2026-03-07 15:31:07] Cek pasien BPJS tanggal 2026-03-07 (SABTU) ...
[2026-03-07 15:31:07] Tidak ada pasien BPJS baru hari ini.
[2026-03-07 15:31:12] Cek pasien BPJS tanggal 2026-03-07 (SABTU) ...
[2026-03-07 15:31:12] Tidak ada pasien BPJS baru hari ini.
[2026-03-07 15:31:17] Cek pasien BPJS tanggal 2026-03-07 (SABTU) ...
[2026-03-07 15:31:17] Tidak ada pasien BPJS baru hari ini.
[2026-03-07 15:31:22] Cek pasien BPJS tanggal 2026-03-07 (SABTU) ...
[2026-03-07 15:31:22] Tidak ada pasien BPJS baru hari ini.
[2026-03-07 15:31:27] Cek pasien BPJS tanggal 2026-03-07 (SABTU) ...
[2026-03-07 15:31:27] Tidak ada pasien BPJS baru hari ini.
[2026-03-07 15:31:32] Cek pasien BPJS tanggal 2026-03-07 (SABTU) ...
[2026-03-07 15:31:32] Tidak ada pasien BPJS baru hari ini.
[2026-03-07 15:31:37] Cek pasien BPJS tanggal 2026-03-07 (SABTU) ...
[2026-03-07 15:31:37] Tidak ada pasien BPJS baru hari ini.
[2026-03-07 15:31:42] Cek pasien BPJS tanggal 2026-03-07 (SABTU) ...
[2026-03-07 15:31:42] Tidak ada pasien BPJS baru hari ini.
[2026-03-07 15:31:47] Cek pasien BPJS tanggal 2026-03-07 (SABTU) ...
[2026-03-07 15:31:47] Tidak ada pasien BPJS baru hari ini.
[2026-03-07 15:31:52] Cek pasien BPJS tanggal 2026-03-07 (SABTU) ...
[2026-03-07 15:31:52] Tidak ada pasien BPJS baru hari ini.
[2026-03-07 15:31:57] Cek pasien BPJS tanggal 2026-03-07 (SABTU) ...
[2026-03-07 15:31:57] Tidak ada pasien BPJS baru hari ini.
[2026-03-07 15:32:02] Cek pasien BPJS tanggal 2026-03-07 (SABTU) ...
[2026-03-07 15:32:02] Tidak ada pasien BPJS baru hari ini.
[2026-03-07 15:32:07] Cek pasien BPJS tanggal 2026-03-07 (SABTU) ...
[2026-03-07 15:32:07] Tidak ada pasien BPJS baru hari ini.
[2026-03-07 15:32:12] Cek pasien BPJS tanggal 2026-03-07 (SABTU) ...
[2026-03-07 15:32:12] Tidak ada pasien BPJS baru hari ini.
[2026-03-07 15:32:17] Cek pasien BPJS tanggal 2026-03-07 (SABTU) ...
[2026-03-07 15:32:17] Tidak ada pasien BPJS baru hari ini.
[2026-03-07 15:32:22] Cek pasien BPJS tanggal 2026-03-07 (SABTU) ...
[2026-03-07 15:32:22] Tidak ada pasien BPJS baru hari ini.
[2026-03-07 15:32:27] Cek pasien BPJS tanggal 2026-03-07 (SABTU) ...
[2026-03-07 15:32:27] Tidak ada pasien BPJS baru hari ini.
[2026-03-07 15:32:32] Cek pasien BPJS tanggal 2026-03-07 (SABTU) ...
[2026-03-07 15:32:32] Tidak ada pasien BPJS baru hari ini.
[2026-03-07 15:32:37] Cek pasien BPJS tanggal 2026-03-07 (SABTU) ...
[2026-03-07 15:32:37] Tidak ada pasien BPJS baru hari ini.
[2026-03-07 15:32:42] Cek pasien BPJS tanggal 2026-03-07 (SABTU) ...
[2026-03-07 15:32:42] Tidak ada pasien BPJS baru hari ini.
[2026-03-07 15:32:47] Cek pasien BPJS tanggal 2026-03-07 (SABTU) ...
[2026-03-07 15:32:47] Tidak ada pasien BPJS baru hari ini.
[2026-03-07 15:32:52] Cek pasien BPJS tanggal 2026-03-07 (SABTU) ...
[2026-03-07 15:32:52] Tidak ada pasien BPJS baru hari ini.
[2026-03-07 15:32:57] Cek pasien BPJS tanggal 2026-03-07 (SABTU) ...
[2026-03-07 15:32:57] Tidak ada pasien BPJS baru hari ini.
[2026-03-07 15:33:02] Cek pasien BPJS tanggal 2026-03-07 (SABTU) ...
[2026-03-07 15:33:02] Tidak ada pasien BPJS baru hari ini.
[2026-03-07 15:33:07] Cek pasien BPJS tanggal 2026-03-07 (SABTU) ...
[2026-03-07 15:33:07] Tidak ada pasien BPJS baru hari ini.
[2026-03-07 15:33:12] Cek pasien BPJS tanggal 2026-03-07 (SABTU) ...
[2026-03-07 15:33:12] Tidak ada pasien BPJS baru hari ini.
[2026-03-07 15:33:17] Cek pasien BPJS tanggal 2026-03-07 (SABTU) ...
[2026-03-07 15:33:17] Tidak ada pasien BPJS baru hari ini.
[2026-03-07 15:33:22] Cek pasien BPJS tanggal 2026-03-07 (SABTU) ...
[2026-03-07 15:33:22] Tidak ada pasien BPJS baru hari ini.
[2026-03-07 15:33:27] Cek pasien BPJS tanggal 2026-03-07 (SABTU) ...
[2026-03-07 15:33:27] Tidak ada pasien BPJS baru hari ini.
[2026-03-07 15:33:32] Cek pasien BPJS tanggal 2026-03-07 (SABTU) ...
[2026-03-07 15:33:32] Tidak ada pasien BPJS baru hari ini.
[2026-03-07 15:33:37] Cek pasien BPJS tanggal 2026-03-07 (SABTU) ...
[2026-03-07 15:33:37] Tidak ada pasien BPJS baru hari ini.
[2026-03-07 15:33:42] Cek pasien BPJS tanggal 2026-03-07 (SABTU) ...
[2026-03-07 15:33:42] Tidak ada pasien BPJS baru hari ini.
[2026-03-07 15:33:47] Cek pasien BPJS tanggal 2026-03-07 (SABTU) ...
[2026-03-07 15:33:47] Tidak ada pasien BPJS baru hari ini.
[2026-03-07 15:33:52] Cek pasien BPJS tanggal 2026-03-07 (SABTU) ...
[2026-03-07 15:33:52] Tidak ada pasien BPJS baru hari ini.
[2026-03-07 15:33:57] Cek pasien BPJS tanggal 2026-03-07 (SABTU) ...
[2026-03-07 15:33:57] Tidak ada pasien BPJS baru hari ini.
[2026-03-07 15:34:02] Cek pasien BPJS tanggal 2026-03-07 (SABTU) ...
[2026-03-07 15:34:02] Tidak ada pasien BPJS baru hari ini.
[2026-03-07 15:34:07] Cek pasien BPJS tanggal 2026-03-07 (SABTU) ...
[2026-03-07 15:34:07] Tidak ada pasien BPJS baru hari ini.
[2026-03-07 15:34:12] Cek pasien BPJS tanggal 2026-03-07 (SABTU) ...
[2026-03-07 15:34:12] Tidak ada pasien BPJS baru hari ini.
[2026-03-07 15:34:17] Cek pasien BPJS tanggal 2026-03-07 (SABTU) ...
[2026-03-07 15:34:17] Tidak ada pasien BPJS baru hari ini.
[2026-03-07 15:34:22] Cek pasien BPJS tanggal 2026-03-07 (SABTU) ...
[2026-03-07 15:34:22] Tidak ada pasien BPJS baru hari ini.
[2026-03-07 15:34:27] Cek pasien BPJS tanggal 2026-03-07 (SABTU) ...
[2026-03-07 15:34:27] Tidak ada pasien BPJS baru hari ini.
[2026-03-07 15:34:32] Cek pasien BPJS tanggal 2026-03-07 (SABTU) ...
[2026-03-07 15:34:32] Tidak ada pasien BPJS baru hari ini.
[2026-03-07 15:34:37] Cek pasien BPJS tanggal 2026-03-07 (SABTU) ...
[2026-03-07 15:34:37] Tidak ada pasien BPJS baru hari ini.
[2026-03-07 15:34:42] Cek pasien BPJS tanggal 2026-03-07 (SABTU) ...
[2026-03-07 15:34:42] Tidak ada pasien BPJS baru hari ini.
[2026-03-07 15:34:47] Cek pasien BPJS tanggal 2026-03-07 (SABTU) ...
[2026-03-07 15:34:47] Tidak ada pasien BPJS baru hari ini.
[2026-03-07 15:34:52] Cek pasien BPJS tanggal 2026-03-07 (SABTU) ...
[2026-03-07 15:34:52] Tidak ada pasien BPJS baru hari ini.
[2026-03-07 15:34:57] Cek pasien BPJS tanggal 2026-03-07 (SABTU) ...
[2026-03-07 15:34:57] Tidak ada pasien BPJS baru hari ini.
[2026-03-07 15:35:02] Cek pasien BPJS tanggal 2026-03-07 (SABTU) ...
[2026-03-07 15:35:02] Tidak ada pasien BPJS baru hari ini.
[2026-03-07 15:35:07] Cek pasien BPJS tanggal 2026-03-07 (SABTU) ...
[2026-03-07 15:35:07] Tidak ada pasien BPJS baru hari ini.
[2026-03-07 15:35:12] Cek pasien BPJS tanggal 2026-03-07 (SABTU) ...
[2026-03-07 15:35:12] Tidak ada pasien BPJS baru hari ini.
[2026-03-07 15:35:17] Cek pasien BPJS tanggal 2026-03-07 (SABTU) ...
[2026-03-07 15:35:17] Tidak ada pasien BPJS baru hari ini.
[2026-03-07 15:35:22] Cek pasien BPJS tanggal 2026-03-07 (SABTU) ...
[2026-03-07 15:35:22] Tidak ada pasien BPJS baru hari ini.
[2026-03-07 15:35:27] Cek pasien BPJS tanggal 2026-03-07 (SABTU) ...
[2026-03-07 15:35:27] Tidak ada pasien BPJS baru hari ini.
[2026-03-07 15:35:32] Cek pasien BPJS tanggal 2026-03-07 (SABTU) ...
[2026-03-07 15:35:32] Tidak ada pasien BPJS baru hari ini.
[2026-03-07 15:35:37] Cek pasien BPJS tanggal 2026-03-07 (SABTU) ...
[2026-03-07 15:35:37] Tidak ada pasien BPJS baru hari ini.
[2026-03-07 15:35:42] Cek pasien BPJS tanggal 2026-03-07 (SABTU) ...
[2026-03-07 15:35:42] Tidak ada pasien BPJS baru hari ini.
[2026-03-07 15:35:47] Cek pasien BPJS tanggal 2026-03-07 (SABTU) ...
[2026-03-07 15:35:47] Tidak ada pasien BPJS baru hari ini.
[2026-03-07 15:35:52] Cek pasien BPJS tanggal 2026-03-07 (SABTU) ...
[2026-03-07 15:35:52] Tidak ada pasien BPJS baru hari ini.
[2026-03-07 15:35:57] Cek pasien BPJS tanggal 2026-03-07 (SABTU) ...
[2026-03-07 15:35:57] Tidak ada pasien BPJS baru hari ini.
[2026-03-07 15:36:02] Cek pasien BPJS tanggal 2026-03-07 (SABTU) ...
[2026-03-07 15:36:02] Tidak ada pasien BPJS baru hari ini.
[2026-03-07 15:36:07] Cek pasien BPJS tanggal 2026-03-07 (SABTU) ...
[2026-03-07 15:36:07] Tidak ada pasien BPJS baru hari ini.
[2026-03-07 15:36:12] Cek pasien BPJS tanggal 2026-03-07 (SABTU) ...
[2026-03-07 15:36:12] Tidak ada pasien BPJS baru hari ini.
[2026-03-07 15:36:17] Cek pasien BPJS tanggal 2026-03-07 (SABTU) ...
[2026-03-07 15:36:17] Tidak ada pasien BPJS baru hari ini.
[2026-03-07 15:36:22] Cek pasien BPJS tanggal 2026-03-07 (SABTU) ...
[2026-03-07 15:36:22] Tidak ada pasien BPJS baru hari ini.
[2026-03-07 15:36:27] Cek pasien BPJS tanggal 2026-03-07 (SABTU) ...
[2026-03-07 15:36:27] Tidak ada pasien BPJS baru hari ini.
[2026-03-07 15:36:32] Cek pasien BPJS tanggal 2026-03-07 (SABTU) ...
[2026-03-07 15:36:32] Tidak ada pasien BPJS baru hari ini.
[2026-03-07 15:36:37] Cek pasien BPJS tanggal 2026-03-07 (SABTU) ...
[2026-03-07 15:36:37] Tidak ada pasien BPJS baru hari ini.
[2026-03-07 15:36:42] Cek pasien BPJS tanggal 2026-03-07 (SABTU) ...
[2026-03-07 15:36:42] Tidak ada pasien BPJS baru hari ini.
[2026-03-07 15:36:47] Cek pasien BPJS tanggal 2026-03-07 (SABTU) ...
[2026-03-07 15:36:47] Tidak ada pasien BPJS baru hari ini.
[2026-03-07 15:36:52] Cek pasien BPJS tanggal 2026-03-07 (SABTU) ...
[2026-03-07 15:36:52] Tidak ada pasien BPJS baru hari ini.
[2026-03-07 15:36:57] Cek pasien BPJS tanggal 2026-03-07 (SABTU) ...
[2026-03-07 15:36:57] Tidak ada pasien BPJS baru hari ini.
[2026-03-07 15:37:02] Cek pasien BPJS tanggal 2026-03-07 (SABTU) ...
[2026-03-07 15:37:02] Tidak ada pasien BPJS baru hari ini.
[2026-03-07 15:37:07] Cek pasien BPJS tanggal 2026-03-07 (SABTU) ...
[2026-03-07 15:37:07] Tidak ada pasien BPJS baru hari ini.
[2026-03-07 15:37:12] Cek pasien BPJS tanggal 2026-03-07 (SABTU) ...
[2026-03-07 15:37:12] Tidak ada pasien BPJS baru hari ini.
[2026-03-07 15:37:17] Cek pasien BPJS tanggal 2026-03-07 (SABTU) ...
[2026-03-07 15:37:17] Tidak ada pasien BPJS baru hari ini.
[2026-03-07 15:37:22] Cek pasien BPJS tanggal 2026-03-07 (SABTU) ...
[2026-03-07 15:37:22] Tidak ada pasien BPJS baru hari ini.
[2026-03-07 15:37:27] Cek pasien BPJS tanggal 2026-03-07 (SABTU) ...
[2026-03-07 15:37:27] Tidak ada pasien BPJS baru hari ini.
[2026-03-07 15:37:32] Cek pasien BPJS tanggal 2026-03-07 (SABTU) ...
[2026-03-07 15:37:32] Tidak ada pasien BPJS baru hari ini.
[2026-03-07 15:37:37] Cek pasien BPJS tanggal 2026-03-07 (SABTU) ...
[2026-03-07 15:37:37] Tidak ada pasien BPJS baru hari ini.
[2026-03-07 15:37:42] Cek pasien BPJS tanggal 2026-03-07 (SABTU) ...
[2026-03-07 15:37:42] Tidak ada pasien BPJS baru hari ini.
[2026-03-07 15:37:47] Cek pasien BPJS tanggal 2026-03-07 (SABTU) ...
[2026-03-07 15:37:47] Tidak ada pasien BPJS baru hari ini.
[2026-03-07 15:37:52] Cek pasien BPJS tanggal 2026-03-07 (SABTU) ...
[2026-03-07 15:37:52] Tidak ada pasien BPJS baru hari ini.
[2026-03-07 15:37:57] Cek pasien BPJS tanggal 2026-03-07 (SABTU) ...
[2026-03-07 15:37:57] Tidak ada pasien BPJS baru hari ini.
[2026-03-07 15:38:02] Cek pasien BPJS tanggal 2026-03-07 (SABTU) ...
[2026-03-07 15:38:02] Tidak ada pasien BPJS baru hari ini.
[2026-03-07 15:38:07] Cek pasien BPJS tanggal 2026-03-07 (SABTU) ...
[2026-03-07 15:38:07] Tidak ada pasien BPJS baru hari ini.
[2026-03-07 15:38:12] Cek pasien BPJS tanggal 2026-03-07 (SABTU) ...
[2026-03-07 15:38:12] Tidak ada pasien BPJS baru hari ini.
[2026-03-07 15:38:17] Cek pasien BPJS tanggal 2026-03-07 (SABTU) ...
[2026-03-07 15:38:17] Tidak ada pasien BPJS baru hari ini.
[2026-03-07 15:38:22] Cek pasien BPJS tanggal 2026-03-07 (SABTU) ...
[2026-03-07 15:38:22] Tidak ada pasien BPJS baru hari ini.
[2026-03-07 15:38:27] Cek pasien BPJS tanggal 2026-03-07 (SABTU) ...
[2026-03-07 15:38:27] Tidak ada pasien BPJS baru hari ini.
[2026-03-07 15:38:33] Cek pasien BPJS tanggal 2026-03-07 (SABTU) ...
[2026-03-07 15:38:33] Tidak ada pasien BPJS baru hari ini.
[2026-03-07 15:38:38] Cek pasien BPJS tanggal 2026-03-07 (SABTU) ...
[2026-03-07 15:38:38] Tidak ada pasien BPJS baru hari ini.
[2026-03-07 15:38:43] Cek pasien BPJS tanggal 2026-03-07 (SABTU) ...
[2026-03-07 15:38:43] Tidak ada pasien BPJS baru hari ini.
[2026-03-07 15:38:48] Cek pasien BPJS tanggal 2026-03-07 (SABTU) ...
[2026-03-07 15:38:48] Tidak ada pasien BPJS baru hari ini.
[2026-03-07 15:38:53] Cek pasien BPJS tanggal 2026-03-07 (SABTU) ...
[2026-03-07 15:38:53] Tidak ada pasien BPJS baru hari ini.
[2026-03-07 15:38:58] Cek pasien BPJS tanggal 2026-03-07 (SABTU) ...
[2026-03-07 15:38:58] Tidak ada pasien BPJS baru hari ini.
[2026-03-07 15:39:03] Cek pasien BPJS tanggal 2026-03-07 (SABTU) ...
[2026-03-07 15:39:03] Tidak ada pasien BPJS baru hari ini.
[2026-03-07 15:39:08] Cek pasien BPJS tanggal 2026-03-07 (SABTU) ...
[2026-03-07 15:39:08] Tidak ada pasien BPJS baru hari ini.
[2026-03-07 15:39:13] Cek pasien BPJS tanggal 2026-03-07 (SABTU) ...
[2026-03-07 15:39:13] Tidak ada pasien BPJS baru hari ini.
[2026-03-07 15:39:18] Cek pasien BPJS tanggal 2026-03-07 (SABTU) ...
[2026-03-07 15:39:18] Tidak ada pasien BPJS baru hari ini.
[2026-03-07 15:39:23] Cek pasien BPJS tanggal 2026-03-07 (SABTU) ...
[2026-03-07 15:39:23] Tidak ada pasien BPJS baru hari ini.
[2026-03-07 15:39:28] Cek pasien BPJS tanggal 2026-03-07 (SABTU) ...
[2026-03-07 15:39:28] Tidak ada pasien BPJS baru hari ini.
[2026-03-07 15:39:33] Cek pasien BPJS tanggal 2026-03-07 (SABTU) ...
[2026-03-07 15:39:33] Tidak ada pasien BPJS baru hari ini.
[2026-03-07 15:39:38] Cek pasien BPJS tanggal 2026-03-07 (SABTU) ...
[2026-03-07 15:39:38] Tidak ada pasien BPJS baru hari ini.
[2026-03-07 15:39:43] Cek pasien BPJS tanggal 2026-03-07 (SABTU) ...
[2026-03-07 15:39:43] Tidak ada pasien BPJS baru hari ini.
[2026-03-07 15:39:48] Cek pasien BPJS tanggal 2026-03-07 (SABTU) ...
[2026-03-07 15:39:48] Tidak ada pasien BPJS baru hari ini.
[2026-03-07 15:39:53] Cek pasien BPJS tanggal 2026-03-07 (SABTU) ...
[2026-03-07 15:39:53] Tidak ada pasien BPJS baru hari ini.
[2026-03-07 15:39:58] Cek pasien BPJS tanggal 2026-03-07 (SABTU) ...
[2026-03-07 15:39:58] Tidak ada pasien BPJS baru hari ini.
[2026-03-07 15:40:03] Cek pasien BPJS tanggal 2026-03-07 (SABTU) ...
[2026-03-07 15:40:03] Tidak ada pasien BPJS baru hari ini.
[2026-03-07 15:40:08] Cek pasien BPJS tanggal 2026-03-07 (SABTU) ...
[2026-03-07 15:40:08] Tidak ada pasien BPJS baru hari ini.
[2026-03-07 15:40:13] Cek pasien BPJS tanggal 2026-03-07 (SABTU) ...
[2026-03-07 15:40:13] Tidak ada pasien BPJS baru hari ini.
[2026-03-07 15:40:18] Cek pasien BPJS tanggal 2026-03-07 (SABTU) ...
[2026-03-07 15:40:18] Tidak ada pasien BPJS baru hari ini.
[2026-03-07 15:40:23] Cek pasien BPJS tanggal 2026-03-07 (SABTU) ...
[2026-03-07 15:40:23] Tidak ada pasien BPJS baru hari ini.
[2026-03-07 15:40:28] Cek pasien BPJS tanggal 2026-03-07 (SABTU) ...
[2026-03-07 15:40:28] Tidak ada pasien BPJS baru hari ini.
[2026-03-07 15:40:33] Cek pasien BPJS tanggal 2026-03-07 (SABTU) ...
[2026-03-07 15:40:33] Tidak ada pasien BPJS baru hari ini.
[2026-03-07 15:40:38] Cek pasien BPJS tanggal 2026-03-07 (SABTU) ...
[2026-03-07 15:40:38] Tidak ada pasien BPJS baru hari ini.
[2026-03-07 15:40:43] Cek pasien BPJS tanggal 2026-03-07 (SABTU) ...
[2026-03-07 15:40:43] Tidak ada pasien BPJS baru hari ini.
[2026-03-07 15:40:48] Cek pasien BPJS tanggal 2026-03-07 (SABTU) ...
[2026-03-07 15:40:48] Tidak ada pasien BPJS baru hari ini.
[2026-03-07 15:40:53] Cek pasien BPJS tanggal 2026-03-07 (SABTU) ...
[2026-03-07 15:40:53] Tidak ada pasien BPJS baru hari ini.
[2026-03-07 15:40:58] Cek pasien BPJS tanggal 2026-03-07 (SABTU) ...
[2026-03-07 15:40:58] Tidak ada pasien BPJS baru hari ini.
[2026-03-07 15:41:03] Cek pasien BPJS tanggal 2026-03-07 (SABTU) ...
[2026-03-07 15:41:03] Tidak ada pasien BPJS baru hari ini.
[2026-03-07 15:41:08] Cek pasien BPJS tanggal 2026-03-07 (SABTU) ...
[2026-03-07 15:41:08] Tidak ada pasien BPJS baru hari ini.
[2026-03-07 15:41:13] Cek pasien BPJS tanggal 2026-03-07 (SABTU) ...
[2026-03-07 15:41:13] Tidak ada pasien BPJS baru hari ini.
[2026-03-07 15:41:18] Cek pasien BPJS tanggal 2026-03-07 (SABTU) ...
[2026-03-07 15:41:18] Tidak ada pasien BPJS baru hari ini.
[2026-03-07 15:41:23] Cek pasien BPJS tanggal 2026-03-07 (SABTU) ...
[2026-03-07 15:41:23] Tidak ada pasien BPJS baru hari ini.
[2026-03-07 15:41:28] Cek pasien BPJS tanggal 2026-03-07 (SABTU) ...
[2026-03-07 15:41:28] Tidak ada pasien BPJS baru hari ini.
[2026-03-07 15:41:33] Cek pasien BPJS tanggal 2026-03-07 (SABTU) ...
[2026-03-07 15:41:33] Tidak ada pasien BPJS baru hari ini.
[2026-03-07 15:41:38] Cek pasien BPJS tanggal 2026-03-07 (SABTU) ...
[2026-03-07 15:41:38] Tidak ada pasien BPJS baru hari ini.
[2026-03-07 15:41:43] Cek pasien BPJS tanggal 2026-03-07 (SABTU) ...
[2026-03-07 15:41:43] Tidak ada pasien BPJS baru hari ini.
[2026-03-07 15:41:48] Cek pasien BPJS tanggal 2026-03-07 (SABTU) ...
[2026-03-07 15:41:48] Tidak ada pasien BPJS baru hari ini.
[2026-03-07 15:41:53] Cek pasien BPJS tanggal 2026-03-07 (SABTU) ...
[2026-03-07 15:41:53] Tidak ada pasien BPJS baru hari ini.
[2026-03-07 15:41:58] Cek pasien BPJS tanggal 2026-03-07 (SABTU) ...
[2026-03-07 15:41:58] Tidak ada pasien BPJS baru hari ini.
[2026-03-07 15:42:03] Cek pasien BPJS tanggal 2026-03-07 (SABTU) ...
[2026-03-07 15:42:03] Tidak ada pasien BPJS baru hari ini.
[2026-03-07 15:42:08] Cek pasien BPJS tanggal 2026-03-07 (SABTU) ...
[2026-03-07 15:42:08] Tidak ada pasien BPJS baru hari ini.
[2026-03-07 15:42:13] Cek pasien BPJS tanggal 2026-03-07 (SABTU) ...
[2026-03-07 15:42:13] Tidak ada pasien BPJS baru hari ini.
[2026-03-07 15:42:18] Cek pasien BPJS tanggal 2026-03-07 (SABTU) ...
[2026-03-07 15:42:18] Tidak ada pasien BPJS baru hari ini.
[2026-03-07 15:42:23] Cek pasien BPJS tanggal 2026-03-07 (SABTU) ...
[2026-03-07 15:42:23] Tidak ada pasien BPJS baru hari ini.
[2026-03-07 15:42:28] Cek pasien BPJS tanggal 2026-03-07 (SABTU) ...
[2026-03-07 15:42:28] Tidak ada pasien BPJS baru hari ini.
[2026-03-07 15:42:33] Cek pasien BPJS tanggal 2026-03-07 (SABTU) ...
[2026-03-07 15:42:33] Tidak ada pasien BPJS baru hari ini.
[2026-03-07 15:42:38] Cek pasien BPJS tanggal 2026-03-07 (SABTU) ...
[2026-03-07 15:42:38] Tidak ada pasien BPJS baru hari ini.
[2026-03-07 15:42:43] Cek pasien BPJS tanggal 2026-03-07 (SABTU) ...
[2026-03-07 15:42:43] Tidak ada pasien BPJS baru hari ini.
[2026-03-07 15:42:48] Cek pasien BPJS tanggal 2026-03-07 (SABTU) ...
[2026-03-07 15:42:48] Tidak ada pasien BPJS baru hari ini.
[2026-03-07 15:42:53] Cek pasien BPJS tanggal 2026-03-07 (SABTU) ...
[2026-03-07 15:42:53] Tidak ada pasien BPJS baru hari ini.
[2026-03-07 15:42:58] Cek pasien BPJS tanggal 2026-03-07 (SABTU) ...
[2026-03-07 15:42:58] Tidak ada pasien BPJS baru hari ini.
[2026-03-07 15:43:03] Cek pasien BPJS tanggal 2026-03-07 (SABTU) ...
[2026-03-07 15:43:03] Tidak ada pasien BPJS baru hari ini.
[2026-03-07 15:43:08] Cek pasien BPJS tanggal 2026-03-07 (SABTU) ...
[2026-03-07 15:43:08] Tidak ada pasien BPJS baru hari ini.
[2026-03-07 15:43:13] Cek pasien BPJS tanggal 2026-03-07 (SABTU) ...
[2026-03-07 15:43:13] Tidak ada pasien BPJS baru hari ini.
[2026-03-07 15:43:18] Cek pasien BPJS tanggal 2026-03-07 (SABTU) ...
[2026-03-07 15:43:18] Tidak ada pasien BPJS baru hari ini.
[2026-03-07 15:43:23] Cek pasien BPJS tanggal 2026-03-07 (SABTU) ...
[2026-03-07 15:43:23] Tidak ada pasien BPJS baru hari ini.
[2026-03-07 15:43:28] Cek pasien BPJS tanggal 2026-03-07 (SABTU) ...
[2026-03-07 15:43:28] Tidak ada pasien BPJS baru hari ini.
[2026-03-07 15:43:33] Cek pasien BPJS tanggal 2026-03-07 (SABTU) ...
[2026-03-07 15:43:33] Tidak ada pasien BPJS baru hari ini.
[2026-03-07 15:43:38] Cek pasien BPJS tanggal 2026-03-07 (SABTU) ...
[2026-03-07 15:43:38] Tidak ada pasien BPJS baru hari ini.
[2026-03-07 15:43:43] Cek pasien BPJS tanggal 2026-03-07 (SABTU) ...
[2026-03-07 15:43:43] Tidak ada pasien BPJS baru hari ini.
[2026-03-07 15:43:48] Cek pasien BPJS tanggal 2026-03-07 (SABTU) ...
[2026-03-07 15:43:48] Tidak ada pasien BPJS baru hari ini.
[2026-03-07 15:43:53] Cek pasien BPJS tanggal 2026-03-07 (SABTU) ...
[2026-03-07 15:43:53] Tidak ada pasien BPJS baru hari ini.
[2026-03-07 15:43:58] Cek pasien BPJS tanggal 2026-03-07 (SABTU) ...
[2026-03-07 15:43:58] Tidak ada pasien BPJS baru hari ini.
[2026-03-07 15:44:03] Cek pasien BPJS tanggal 2026-03-07 (SABTU) ...
[2026-03-07 15:44:03] Tidak ada pasien BPJS baru hari ini.
[2026-03-07 15:44:08] Cek pasien BPJS tanggal 2026-03-07 (SABTU) ...
[2026-03-07 15:44:08] Tidak ada pasien BPJS baru hari ini.
[2026-03-07 15:44:13] Cek pasien BPJS tanggal 2026-03-07 (SABTU) ...
[2026-03-07 15:44:13] Tidak ada pasien BPJS baru hari ini.
[2026-03-07 15:44:18] Cek pasien BPJS tanggal 2026-03-07 (SABTU) ...
[2026-03-07 15:44:18] Tidak ada pasien BPJS baru hari ini.
[2026-03-07 15:44:23] Cek pasien BPJS tanggal 2026-03-07 (SABTU) ...
[2026-03-07 15:44:23] Tidak ada pasien BPJS baru hari ini.
[2026-03-07 15:44:28] Cek pasien BPJS tanggal 2026-03-07 (SABTU) ...
[2026-03-07 15:44:28] Tidak ada pasien BPJS baru hari ini.
[2026-03-07 15:44:33] Cek pasien BPJS tanggal 2026-03-07 (SABTU) ...
[2026-03-07 15:44:33] Tidak ada pasien BPJS baru hari ini.
[2026-03-07 15:44:38] Cek pasien BPJS tanggal 2026-03-07 (SABTU) ...
[2026-03-07 15:44:38] Tidak ada pasien BPJS baru hari ini.
[2026-03-07 15:44:43] Cek pasien BPJS tanggal 2026-03-07 (SABTU) ...
[2026-03-07 15:44:43] Tidak ada pasien BPJS baru hari ini.
[2026-03-07 15:44:48] Cek pasien BPJS tanggal 2026-03-07 (SABTU) ...
[2026-03-07 15:44:48] Tidak ada pasien BPJS baru hari ini.
[2026-03-07 15:44:53] Cek pasien BPJS tanggal 2026-03-07 (SABTU) ...
[2026-03-07 15:44:53] Tidak ada pasien BPJS baru hari ini.
[2026-03-07 15:44:58] Cek pasien BPJS tanggal 2026-03-07 (SABTU) ...
[2026-03-07 15:44:58] Tidak ada pasien BPJS baru hari ini.
[2026-03-07 15:45:03] Cek pasien BPJS tanggal 2026-03-07 (SABTU) ...
[2026-03-07 15:45:03] Tidak ada pasien BPJS baru hari ini.
[2026-03-07 15:45:08] Cek pasien BPJS tanggal 2026-03-07 (SABTU) ...
[2026-03-07 15:45:08] Tidak ada pasien BPJS baru hari ini.
[2026-03-07 15:45:13] Cek pasien BPJS tanggal 2026-03-07 (SABTU) ...
[2026-03-07 15:45:13] Tidak ada pasien BPJS baru hari ini.
[2026-03-07 15:45:18] Cek pasien BPJS tanggal 2026-03-07 (SABTU) ...
[2026-03-07 15:45:18] Tidak ada pasien BPJS baru hari ini.
[2026-03-07 15:45:23] Cek pasien BPJS tanggal 2026-03-07 (SABTU) ...
[2026-03-07 15:45:23] Tidak ada pasien BPJS baru hari ini.
[2026-03-07 15:45:28] Cek pasien BPJS tanggal 2026-03-07 (SABTU) ...
[2026-03-07 15:45:28] Tidak ada pasien BPJS baru hari ini.
[2026-03-07 15:45:33] Cek pasien BPJS tanggal 2026-03-07 (SABTU) ...
[2026-03-07 15:45:33] Tidak ada pasien BPJS baru hari ini.
[2026-03-07 15:45:38] Cek pasien BPJS tanggal 2026-03-07 (SABTU) ...
[2026-03-07 15:45:38] Tidak ada pasien BPJS baru hari ini.
[2026-03-07 15:45:43] Cek pasien BPJS tanggal 2026-03-07 (SABTU) ...
[2026-03-07 15:45:43] Tidak ada pasien BPJS baru hari ini.
[2026-03-07 15:45:48] Cek pasien BPJS tanggal 2026-03-07 (SABTU) ...
[2026-03-07 15:45:48] Tidak ada pasien BPJS baru hari ini.
[2026-03-07 15:45:53] Cek pasien BPJS tanggal 2026-03-07 (SABTU) ...
[2026-03-07 15:45:53] Tidak ada pasien BPJS baru hari ini.
[2026-03-07 15:45:58] Cek pasien BPJS tanggal 2026-03-07 (SABTU) ...
[2026-03-07 15:45:58] Tidak ada pasien BPJS baru hari ini.
[2026-03-07 15:46:03] Cek pasien BPJS tanggal 2026-03-07 (SABTU) ...
[2026-03-07 15:46:03] Tidak ada pasien BPJS baru hari ini.
[2026-03-07 15:46:08] Cek pasien BPJS tanggal 2026-03-07 (SABTU) ...
[2026-03-07 15:46:08] Tidak ada pasien BPJS baru hari ini.
[2026-03-07 15:46:13] Cek pasien BPJS tanggal 2026-03-07 (SABTU) ...
[2026-03-07 15:46:13] Tidak ada pasien BPJS baru hari ini.
[2026-03-07 15:46:18] Cek pasien BPJS tanggal 2026-03-07 (SABTU) ...
[2026-03-07 15:46:18] Tidak ada pasien BPJS baru hari ini.
[2026-03-07 15:46:23] Cek pasien BPJS tanggal 2026-03-07 (SABTU) ...
[2026-03-07 15:46:23] Tidak ada pasien BPJS baru hari ini.
[2026-03-07 15:46:29] Cek pasien BPJS tanggal 2026-03-07 (SABTU) ...
[2026-03-07 15:46:29] Tidak ada pasien BPJS baru hari ini.
[2026-03-07 15:46:34] Cek pasien BPJS tanggal 2026-03-07 (SABTU) ...
[2026-03-07 15:46:34] Tidak ada pasien BPJS baru hari ini.
[2026-03-07 15:46:39] Cek pasien BPJS tanggal 2026-03-07 (SABTU) ...
[2026-03-07 15:46:39] Tidak ada pasien BPJS baru hari ini.
[2026-03-07 15:46:44] Cek pasien BPJS tanggal 2026-03-07 (SABTU) ...
[2026-03-07 15:46:44] Tidak ada pasien BPJS baru hari ini.
[2026-03-07 15:46:49] Cek pasien BPJS tanggal 2026-03-07 (SABTU) ...
[2026-03-07 15:46:49] Tidak ada pasien BPJS baru hari ini.
[2026-03-07 15:46:54] Cek pasien BPJS tanggal 2026-03-07 (SABTU) ...
[2026-03-07 15:46:54] Tidak ada pasien BPJS baru hari ini.
[2026-03-07 15:46:59] Cek pasien BPJS tanggal 2026-03-07 (SABTU) ...
[2026-03-07 15:46:59] Tidak ada pasien BPJS baru hari ini.
[2026-03-07 15:47:04] Cek pasien BPJS tanggal 2026-03-07 (SABTU) ...
[2026-03-07 15:47:04] Tidak ada pasien BPJS baru hari ini.
[2026-03-07 15:47:09] Cek pasien BPJS tanggal 2026-03-07 (SABTU) ...
[2026-03-07 15:47:09] Tidak ada pasien BPJS baru hari ini.
[2026-03-07 15:47:14] Cek pasien BPJS tanggal 2026-03-07 (SABTU) ...
[2026-03-07 15:47:14] Tidak ada pasien BPJS baru hari ini.
[2026-03-07 15:47:19] Cek pasien BPJS tanggal 2026-03-07 (SABTU) ...
[2026-03-07 15:47:19] Tidak ada pasien BPJS baru hari ini.
[2026-03-07 15:47:24] Cek pasien BPJS tanggal 2026-03-07 (SABTU) ...
[2026-03-07 15:47:24] Tidak ada pasien BPJS baru hari ini.
[2026-03-07 15:47:29] Cek pasien BPJS tanggal 2026-03-07 (SABTU) ...
[2026-03-07 15:47:29] Tidak ada pasien BPJS baru hari ini.
[2026-03-07 15:47:34] Cek pasien BPJS tanggal 2026-03-07 (SABTU) ...
[2026-03-07 15:47:34] Tidak ada pasien BPJS baru hari ini.
[2026-03-07 15:47:39] Cek pasien BPJS tanggal 2026-03-07 (SABTU) ...
[2026-03-07 15:47:39] Tidak ada pasien BPJS baru hari ini.
[2026-03-07 15:47:44] Cek pasien BPJS tanggal 2026-03-07 (SABTU) ...
[2026-03-07 15:47:44] Tidak ada pasien BPJS baru hari ini.
[2026-03-07 15:47:49] Cek pasien BPJS tanggal 2026-03-07 (SABTU) ...
[2026-03-07 15:47:49] Tidak ada pasien BPJS baru hari ini.
[2026-03-07 15:47:54] Cek pasien BPJS tanggal 2026-03-07 (SABTU) ...
[2026-03-07 15:47:54] Tidak ada pasien BPJS baru hari ini.
[2026-03-07 15:47:59] Cek pasien BPJS tanggal 2026-03-07 (SABTU) ...
[2026-03-07 15:47:59] Tidak ada pasien BPJS baru hari ini.
[2026-03-07 15:48:04] Cek pasien BPJS tanggal 2026-03-07 (SABTU) ...
[2026-03-07 15:48:04] Tidak ada pasien BPJS baru hari ini.
[2026-03-07 15:48:09] Cek pasien BPJS tanggal 2026-03-07 (SABTU) ...
[2026-03-07 15:48:09] Tidak ada pasien BPJS baru hari ini.
[2026-03-07 15:48:14] Cek pasien BPJS tanggal 2026-03-07 (SABTU) ...
[2026-03-07 15:48:14] Tidak ada pasien BPJS baru hari ini.
[2026-03-07 15:48:19] Cek pasien BPJS tanggal 2026-03-07 (SABTU) ...
[2026-03-07 15:48:19] Tidak ada pasien BPJS baru hari ini.
[2026-03-07 15:48:24] Cek pasien BPJS tanggal 2026-03-07 (SABTU) ...
[2026-03-07 15:48:24] Tidak ada pasien BPJS baru hari ini.
[2026-03-07 15:48:29] Cek pasien BPJS tanggal 2026-03-07 (SABTU) ...
[2026-03-07 15:48:29] Tidak ada pasien BPJS baru hari ini.
[2026-03-07 15:48:34] Cek pasien BPJS tanggal 2026-03-07 (SABTU) ...
[2026-03-07 15:48:34] Tidak ada pasien BPJS baru hari ini.
[2026-03-07 15:48:39] Cek pasien BPJS tanggal 2026-03-07 (SABTU) ...
[2026-03-07 15:48:39] Tidak ada pasien BPJS baru hari ini.
[2026-03-07 15:48:44] Cek pasien BPJS tanggal 2026-03-07 (SABTU) ...
[2026-03-07 15:48:44] Tidak ada pasien BPJS baru hari ini.
[2026-03-07 15:48:49] Cek pasien BPJS tanggal 2026-03-07 (SABTU) ...
[2026-03-07 15:48:49] Tidak ada pasien BPJS baru hari ini.
[2026-03-07 15:48:54] Cek pasien BPJS tanggal 2026-03-07 (SABTU) ...
[2026-03-07 15:48:54] Tidak ada pasien BPJS baru hari ini.
[2026-03-07 15:48:59] Cek pasien BPJS tanggal 2026-03-07 (SABTU) ...
[2026-03-07 15:48:59] Tidak ada pasien BPJS baru hari ini.
[2026-03-07 15:49:04] Cek pasien BPJS tanggal 2026-03-07 (SABTU) ...
[2026-03-07 15:49:04] Tidak ada pasien BPJS baru hari ini.
[2026-03-07 15:49:09] Cek pasien BPJS tanggal 2026-03-07 (SABTU) ...
[2026-03-07 15:49:09] Tidak ada pasien BPJS baru hari ini.
[2026-03-07 15:49:14] Cek pasien BPJS tanggal 2026-03-07 (SABTU) ...
[2026-03-07 15:49:14] Tidak ada pasien BPJS baru hari ini.
[2026-03-07 15:49:19] Cek pasien BPJS tanggal 2026-03-07 (SABTU) ...
[2026-03-07 15:49:19] Tidak ada pasien BPJS baru hari ini.
[2026-03-07 15:49:24] Cek pasien BPJS tanggal 2026-03-07 (SABTU) ...
[2026-03-07 15:49:24] Tidak ada pasien BPJS baru hari ini.
[2026-03-07 15:49:29] Cek pasien BPJS tanggal 2026-03-07 (SABTU) ...
[2026-03-07 15:49:29] Tidak ada pasien BPJS baru hari ini.
[2026-03-07 15:49:34] Cek pasien BPJS tanggal 2026-03-07 (SABTU) ...
[2026-03-07 15:49:34] Tidak ada pasien BPJS baru hari ini.
[2026-03-07 15:49:39] Cek pasien BPJS tanggal 2026-03-07 (SABTU) ...
[2026-03-07 15:49:39] Tidak ada pasien BPJS baru hari ini.
[2026-03-07 15:49:44] Cek pasien BPJS tanggal 2026-03-07 (SABTU) ...
[2026-03-07 15:49:44] Tidak ada pasien BPJS baru hari ini.
[2026-03-07 15:49:49] Cek pasien BPJS tanggal 2026-03-07 (SABTU) ...
[2026-03-07 15:49:49] Tidak ada pasien BPJS baru hari ini.
[2026-03-07 15:49:54] Cek pasien BPJS tanggal 2026-03-07 (SABTU) ...
[2026-03-07 15:49:54] Tidak ada pasien BPJS baru hari ini.
[2026-03-07 15:49:59] Cek pasien BPJS tanggal 2026-03-07 (SABTU) ...
[2026-03-07 15:49:59] Tidak ada pasien BPJS baru hari ini.
[2026-03-07 15:50:04] Cek pasien BPJS tanggal 2026-03-07 (SABTU) ...
[2026-03-07 15:50:04] Tidak ada pasien BPJS baru hari ini.
[2026-03-07 15:50:09] Cek pasien BPJS tanggal 2026-03-07 (SABTU) ...
[2026-03-07 15:50:09] Tidak ada pasien BPJS baru hari ini.
[2026-03-07 15:50:14] Cek pasien BPJS tanggal 2026-03-07 (SABTU) ...
[2026-03-07 15:50:14] Tidak ada pasien BPJS baru hari ini.
[2026-03-07 15:50:19] Cek pasien BPJS tanggal 2026-03-07 (SABTU) ...
[2026-03-07 15:50:19] Tidak ada pasien BPJS baru hari ini.
[2026-03-07 15:50:24] Cek pasien BPJS tanggal 2026-03-07 (SABTU) ...
[2026-03-07 15:50:24] Tidak ada pasien BPJS baru hari ini.
[2026-03-07 15:50:29] Cek pasien BPJS tanggal 2026-03-07 (SABTU) ...
[2026-03-07 15:50:29] Tidak ada pasien BPJS baru hari ini.
[2026-03-07 15:50:34] Cek pasien BPJS tanggal 2026-03-07 (SABTU) ...
[2026-03-07 15:50:34] Tidak ada pasien BPJS baru hari ini.
[2026-03-07 15:50:39] Cek pasien BPJS tanggal 2026-03-07 (SABTU) ...
[2026-03-07 15:50:39] Tidak ada pasien BPJS baru hari ini.
[2026-03-07 15:50:44] Cek pasien BPJS tanggal 2026-03-07 (SABTU) ...
[2026-03-07 15:50:44] Tidak ada pasien BPJS baru hari ini.
[2026-03-07 15:50:49] Cek pasien BPJS tanggal 2026-03-07 (SABTU) ...
[2026-03-07 15:50:49] Tidak ada pasien BPJS baru hari ini.
[2026-03-07 15:50:54] Cek pasien BPJS tanggal 2026-03-07 (SABTU) ...
[2026-03-07 15:50:54] Tidak ada pasien BPJS baru hari ini.
[2026-03-07 15:50:59] Cek pasien BPJS tanggal 2026-03-07 (SABTU) ...
[2026-03-07 15:50:59] Tidak ada pasien BPJS baru hari ini.
[2026-03-07 15:51:04] Cek pasien BPJS tanggal 2026-03-07 (SABTU) ...
[2026-03-07 15:51:04] Tidak ada pasien BPJS baru hari ini.
[2026-03-07 15:51:09] Cek pasien BPJS tanggal 2026-03-07 (SABTU) ...
[2026-03-07 15:51:09] Tidak ada pasien BPJS baru hari ini.
[2026-03-07 15:51:14] Cek pasien BPJS tanggal 2026-03-07 (SABTU) ...
[2026-03-07 15:51:14] Tidak ada pasien BPJS baru hari ini.
[2026-03-07 15:51:19] Cek pasien BPJS tanggal 2026-03-07 (SABTU) ...
[2026-03-07 15:51:19] Tidak ada pasien BPJS baru hari ini.
[2026-03-07 15:51:24] Cek pasien BPJS tanggal 2026-03-07 (SABTU) ...
[2026-03-07 15:51:24] Tidak ada pasien BPJS baru hari ini.
[2026-03-07 15:51:29] Cek pasien BPJS tanggal 2026-03-07 (SABTU) ...
[2026-03-07 15:51:29] Tidak ada pasien BPJS baru hari ini.
[2026-03-07 15:51:34] Cek pasien BPJS tanggal 2026-03-07 (SABTU) ...
[2026-03-07 15:51:34] Tidak ada pasien BPJS baru hari ini.
[2026-03-07 15:51:39] Cek pasien BPJS tanggal 2026-03-07 (SABTU) ...
[2026-03-07 15:51:39] Tidak ada pasien BPJS baru hari ini.
[2026-03-07 15:51:44] Cek pasien BPJS tanggal 2026-03-07 (SABTU) ...
[2026-03-07 15:51:44] Tidak ada pasien BPJS baru hari ini.
[2026-03-07 15:51:49] Cek pasien BPJS tanggal 2026-03-07 (SABTU) ...
[2026-03-07 15:51:49] Tidak ada pasien BPJS baru hari ini.
[2026-03-07 15:51:54] Cek pasien BPJS tanggal 2026-03-07 (SABTU) ...
[2026-03-07 15:51:54] Tidak ada pasien BPJS baru hari ini.
[2026-03-07 15:51:59] Cek pasien BPJS tanggal 2026-03-07 (SABTU) ...
[2026-03-07 15:51:59] Tidak ada pasien BPJS baru hari ini.
[2026-03-07 15:52:04] Cek pasien BPJS tanggal 2026-03-07 (SABTU) ...
[2026-03-07 15:52:04] Tidak ada pasien BPJS baru hari ini.
[2026-03-07 15:52:09] Cek pasien BPJS tanggal 2026-03-07 (SABTU) ...
[2026-03-07 15:52:09] Tidak ada pasien BPJS baru hari ini.
[2026-03-07 15:52:14] Cek pasien BPJS tanggal 2026-03-07 (SABTU) ...
[2026-03-07 15:52:14] Tidak ada pasien BPJS baru hari ini.
[2026-03-07 15:52:19] Cek pasien BPJS tanggal 2026-03-07 (SABTU) ...
[2026-03-07 15:52:19] Tidak ada pasien BPJS baru hari ini.
[2026-03-07 15:52:24] Cek pasien BPJS tanggal 2026-03-07 (SABTU) ...
[2026-03-07 15:52:24] Tidak ada pasien BPJS baru hari ini.
[2026-03-07 15:52:29] Cek pasien BPJS tanggal 2026-03-07 (SABTU) ...
[2026-03-07 15:52:29] Tidak ada pasien BPJS baru hari ini.
[2026-03-07 15:52:34] Cek pasien BPJS tanggal 2026-03-07 (SABTU) ...
[2026-03-07 15:52:34] Tidak ada pasien BPJS baru hari ini.
[2026-03-07 15:52:39] Cek pasien BPJS tanggal 2026-03-07 (SABTU) ...
[2026-03-07 15:52:39] Tidak ada pasien BPJS baru hari ini.
[2026-03-07 15:52:44] Cek pasien BPJS tanggal 2026-03-07 (SABTU) ...
[2026-03-07 15:52:44] Tidak ada pasien BPJS baru hari ini.
[2026-03-07 15:52:49] Cek pasien BPJS tanggal 2026-03-07 (SABTU) ...
[2026-03-07 15:52:49] Tidak ada pasien BPJS baru hari ini.
[2026-03-07 15:52:54] Cek pasien BPJS tanggal 2026-03-07 (SABTU) ...
[2026-03-07 15:52:54] Tidak ada pasien BPJS baru hari ini.
[2026-03-07 15:52:59] Cek pasien BPJS tanggal 2026-03-07 (SABTU) ...
[2026-03-07 15:52:59] Tidak ada pasien BPJS baru hari ini.
[2026-03-07 15:53:04] Cek pasien BPJS tanggal 2026-03-07 (SABTU) ...
[2026-03-07 15:53:04] Tidak ada pasien BPJS baru hari ini.
[2026-03-07 15:53:09] Cek pasien BPJS tanggal 2026-03-07 (SABTU) ...
[2026-03-07 15:53:09] Tidak ada pasien BPJS baru hari ini.
[2026-03-07 15:53:14] Cek pasien BPJS tanggal 2026-03-07 (SABTU) ...
[2026-03-07 15:53:14] Tidak ada pasien BPJS baru hari ini.
[2026-03-07 15:53:19] Cek pasien BPJS tanggal 2026-03-07 (SABTU) ...
[2026-03-07 15:53:19] Tidak ada pasien BPJS baru hari ini.
[2026-03-07 15:53:24] Cek pasien BPJS tanggal 2026-03-07 (SABTU) ...
[2026-03-07 15:53:24] Tidak ada pasien BPJS baru hari ini.
[2026-03-07 15:53:29] Cek pasien BPJS tanggal 2026-03-07 (SABTU) ...
[2026-03-07 15:53:29] Tidak ada pasien BPJS baru hari ini.
[2026-03-07 15:53:34] Cek pasien BPJS tanggal 2026-03-07 (SABTU) ...
[2026-03-07 15:53:34] Tidak ada pasien BPJS baru hari ini.
[2026-03-07 15:53:39] Cek pasien BPJS tanggal 2026-03-07 (SABTU) ...
[2026-03-07 15:53:39] Tidak ada pasien BPJS baru hari ini.
[2026-03-07 15:53:44] Cek pasien BPJS tanggal 2026-03-07 (SABTU) ...
[2026-03-07 15:53:44] Tidak ada pasien BPJS baru hari ini.
[2026-03-07 15:53:49] Cek pasien BPJS tanggal 2026-03-07 (SABTU) ...
[2026-03-07 15:53:49] Tidak ada pasien BPJS baru hari ini.
[2026-03-07 15:53:54] Cek pasien BPJS tanggal 2026-03-07 (SABTU) ...
[2026-03-07 15:53:54] Tidak ada pasien BPJS baru hari ini.
[2026-03-07 15:53:59] Cek pasien BPJS tanggal 2026-03-07 (SABTU) ...
[2026-03-07 15:53:59] Tidak ada pasien BPJS baru hari ini.
[2026-03-07 15:54:04] Cek pasien BPJS tanggal 2026-03-07 (SABTU) ...
[2026-03-07 15:54:04] Tidak ada pasien BPJS baru hari ini.
[2026-03-07 15:54:09] Cek pasien BPJS tanggal 2026-03-07 (SABTU) ...
[2026-03-07 15:54:09] Tidak ada pasien BPJS baru hari ini.
[2026-03-07 15:54:14] Cek pasien BPJS tanggal 2026-03-07 (SABTU) ...
[2026-03-07 15:54:14] Tidak ada pasien BPJS baru hari ini.
[2026-03-07 15:54:19] Cek pasien BPJS tanggal 2026-03-07 (SABTU) ...
[2026-03-07 15:54:19] Tidak ada pasien BPJS baru hari ini.
[2026-03-07 15:54:24] Cek pasien BPJS tanggal 2026-03-07 (SABTU) ...
[2026-03-07 15:54:24] Tidak ada pasien BPJS baru hari ini.
[2026-03-07 15:54:29] Cek pasien BPJS tanggal 2026-03-07 (SABTU) ...
[2026-03-07 15:54:29] Tidak ada pasien BPJS baru hari ini.
[2026-03-07 15:54:35] Cek pasien BPJS tanggal 2026-03-07 (SABTU) ...
[2026-03-07 15:54:35] Tidak ada pasien BPJS baru hari ini.
[2026-03-07 15:54:40] Cek pasien BPJS tanggal 2026-03-07 (SABTU) ...
[2026-03-07 15:54:40] Tidak ada pasien BPJS baru hari ini.
[2026-03-07 15:54:45] Cek pasien BPJS tanggal 2026-03-07 (SABTU) ...
[2026-03-07 15:54:45] Tidak ada pasien BPJS baru hari ini.
[2026-03-07 15:54:50] Cek pasien BPJS tanggal 2026-03-07 (SABTU) ...
[2026-03-07 15:54:50] Tidak ada pasien BPJS baru hari ini.
[2026-03-07 15:54:55] Cek pasien BPJS tanggal 2026-03-07 (SABTU) ...
[2026-03-07 15:54:55] Tidak ada pasien BPJS baru hari ini.
[2026-03-07 15:55:00] Cek pasien BPJS tanggal 2026-03-07 (SABTU) ...
[2026-03-07 15:55:00] Tidak ada pasien BPJS baru hari ini.
[2026-03-07 15:55:05] Cek pasien BPJS tanggal 2026-03-07 (SABTU) ...
[2026-03-07 15:55:05] Tidak ada pasien BPJS baru hari ini.
[2026-03-07 15:55:10] Cek pasien BPJS tanggal 2026-03-07 (SABTU) ...
[2026-03-07 15:55:10] Tidak ada pasien BPJS baru hari ini.
[2026-03-07 15:55:15] Cek pasien BPJS tanggal 2026-03-07 (SABTU) ...
[2026-03-07 15:55:15] Tidak ada pasien BPJS baru hari ini.
[2026-03-07 15:55:20] Cek pasien BPJS tanggal 2026-03-07 (SABTU) ...
[2026-03-07 15:55:20] Tidak ada pasien BPJS baru hari ini.
[2026-03-07 15:55:25] Cek pasien BPJS tanggal 2026-03-07 (SABTU) ...
[2026-03-07 15:55:25] Tidak ada pasien BPJS baru hari ini.
[2026-03-07 15:55:30] Cek pasien BPJS tanggal 2026-03-07 (SABTU) ...
[2026-03-07 15:55:30] Tidak ada pasien BPJS baru hari ini.
[2026-03-07 15:55:35] Cek pasien BPJS tanggal 2026-03-07 (SABTU) ...
[2026-03-07 15:55:35] Tidak ada pasien BPJS baru hari ini.
[2026-03-07 15:55:40] Cek pasien BPJS tanggal 2026-03-07 (SABTU) ...
[2026-03-07 15:55:40] Tidak ada pasien BPJS baru hari ini.
[2026-03-07 15:55:45] Cek pasien BPJS tanggal 2026-03-07 (SABTU) ...
[2026-03-07 15:55:45] Tidak ada pasien BPJS baru hari ini.
[2026-03-07 15:55:50] Cek pasien BPJS tanggal 2026-03-07 (SABTU) ...
[2026-03-07 15:55:50] Tidak ada pasien BPJS baru hari ini.
[2026-03-07 15:55:55] Cek pasien BPJS tanggal 2026-03-07 (SABTU) ...
[2026-03-07 15:55:55] Tidak ada pasien BPJS baru hari ini.
[2026-03-07 15:56:00] Cek pasien BPJS tanggal 2026-03-07 (SABTU) ...
[2026-03-07 15:56:00] Tidak ada pasien BPJS baru hari ini.
[2026-03-07 15:56:05] Cek pasien BPJS tanggal 2026-03-07 (SABTU) ...
[2026-03-07 15:56:05] Tidak ada pasien BPJS baru hari ini.
[2026-03-07 15:56:10] Cek pasien BPJS tanggal 2026-03-07 (SABTU) ...
[2026-03-07 15:56:10] Tidak ada pasien BPJS baru hari ini.
[2026-03-07 15:56:15] Cek pasien BPJS tanggal 2026-03-07 (SABTU) ...
[2026-03-07 15:56:15] Tidak ada pasien BPJS baru hari ini.
[2026-03-07 15:56:20] Cek pasien BPJS tanggal 2026-03-07 (SABTU) ...
[2026-03-07 15:56:20] Tidak ada pasien BPJS baru hari ini.
[2026-03-07 15:56:25] Cek pasien BPJS tanggal 2026-03-07 (SABTU) ...
[2026-03-07 15:56:25] Tidak ada pasien BPJS baru hari ini.
[2026-03-07 15:56:30] Cek pasien BPJS tanggal 2026-03-07 (SABTU) ...
[2026-03-07 15:56:30] Tidak ada pasien BPJS baru hari ini.
[2026-03-07 15:56:35] Cek pasien BPJS tanggal 2026-03-07 (SABTU) ...
[2026-03-07 15:56:35] Tidak ada pasien BPJS baru hari ini.
[2026-03-07 15:56:40] Cek pasien BPJS tanggal 2026-03-07 (SABTU) ...
[2026-03-07 15:56:40] Tidak ada pasien BPJS baru hari ini.
[2026-03-07 15:56:45] Cek pasien BPJS tanggal 2026-03-07 (SABTU) ...
[2026-03-07 15:56:45] Tidak ada pasien BPJS baru hari ini.
[2026-03-07 15:56:50] Cek pasien BPJS tanggal 2026-03-07 (SABTU) ...
[2026-03-07 15:56:50] Tidak ada pasien BPJS baru hari ini.
[2026-03-07 15:56:55] Cek pasien BPJS tanggal 2026-03-07 (SABTU) ...
[2026-03-07 15:56:55] Tidak ada pasien BPJS baru hari ini.
[2026-03-07 15:57:00] Cek pasien BPJS tanggal 2026-03-07 (SABTU) ...
[2026-03-07 15:57:00] Tidak ada pasien BPJS baru hari ini.
[2026-03-07 15:57:05] Cek pasien BPJS tanggal 2026-03-07 (SABTU) ...
[2026-03-07 15:57:05] Tidak ada pasien BPJS baru hari ini.
[2026-03-07 15:57:10] Cek pasien BPJS tanggal 2026-03-07 (SABTU) ...
[2026-03-07 15:57:10] Tidak ada pasien BPJS baru hari ini.
[2026-03-07 15:57:15] Cek pasien BPJS tanggal 2026-03-07 (SABTU) ...
[2026-03-07 15:57:15] Tidak ada pasien BPJS baru hari ini.
[2026-03-07 15:57:20] Cek pasien BPJS tanggal 2026-03-07 (SABTU) ...
[2026-03-07 15:57:20] Tidak ada pasien BPJS baru hari ini.
[2026-03-07 15:57:25] Cek pasien BPJS tanggal 2026-03-07 (SABTU) ...
[2026-03-07 15:57:25] Tidak ada pasien BPJS baru hari ini.
[2026-03-07 15:57:30] Cek pasien BPJS tanggal 2026-03-07 (SABTU) ...
[2026-03-07 15:57:30] Tidak ada pasien BPJS baru hari ini.
[2026-03-07 15:57:35] Cek pasien BPJS tanggal 2026-03-07 (SABTU) ...
[2026-03-07 15:57:35] Tidak ada pasien BPJS baru hari ini.
[2026-03-07 15:57:40] Cek pasien BPJS tanggal 2026-03-07 (SABTU) ...
[2026-03-07 15:57:40] Tidak ada pasien BPJS baru hari ini.
[2026-03-07 15:57:45] Cek pasien BPJS tanggal 2026-03-07 (SABTU) ...
[2026-03-07 15:57:45] Tidak ada pasien BPJS baru hari ini.
[2026-03-07 15:57:50] Cek pasien BPJS tanggal 2026-03-07 (SABTU) ...
[2026-03-07 15:57:50] Tidak ada pasien BPJS baru hari ini.
[2026-03-07 15:57:55] Cek pasien BPJS tanggal 2026-03-07 (SABTU) ...
[2026-03-07 15:57:55] Tidak ada pasien BPJS baru hari ini.
[2026-03-07 15:58:00] Cek pasien BPJS tanggal 2026-03-07 (SABTU) ...
[2026-03-07 15:58:00] Tidak ada pasien BPJS baru hari ini.
[2026-03-07 15:58:05] Cek pasien BPJS tanggal 2026-03-07 (SABTU) ...
[2026-03-07 15:58:05] Tidak ada pasien BPJS baru hari ini.
[2026-03-07 15:58:10] Cek pasien BPJS tanggal 2026-03-07 (SABTU) ...
[2026-03-07 15:58:10] Tidak ada pasien BPJS baru hari ini.
[2026-03-07 15:58:15] Cek pasien BPJS tanggal 2026-03-07 (SABTU) ...
[2026-03-07 15:58:15] Tidak ada pasien BPJS baru hari ini.
[2026-03-07 15:58:20] Cek pasien BPJS tanggal 2026-03-07 (SABTU) ...
[2026-03-07 15:58:20] Tidak ada pasien BPJS baru hari ini.
[2026-03-07 15:58:25] Cek pasien BPJS tanggal 2026-03-07 (SABTU) ...
[2026-03-07 15:58:25] Tidak ada pasien BPJS baru hari ini.
[2026-03-07 15:58:30] Cek pasien BPJS tanggal 2026-03-07 (SABTU) ...
[2026-03-07 15:58:30] Tidak ada pasien BPJS baru hari ini.
[2026-03-07 15:58:35] Cek pasien BPJS tanggal 2026-03-07 (SABTU) ...
[2026-03-07 15:58:35] Tidak ada pasien BPJS baru hari ini.
[2026-03-07 15:58:40] Cek pasien BPJS tanggal 2026-03-07 (SABTU) ...
[2026-03-07 15:58:40] Tidak ada pasien BPJS baru hari ini.
[2026-03-07 15:58:45] Cek pasien BPJS tanggal 2026-03-07 (SABTU) ...
[2026-03-07 15:58:45] Tidak ada pasien BPJS baru hari ini.
[2026-03-07 15:58:50] Cek pasien BPJS tanggal 2026-03-07 (SABTU) ...
[2026-03-07 15:58:50] Tidak ada pasien BPJS baru hari ini.
[2026-03-07 15:58:55] Cek pasien BPJS tanggal 2026-03-07 (SABTU) ...
[2026-03-07 15:58:55] Tidak ada pasien BPJS baru hari ini.
[2026-03-07 15:59:00] Cek pasien BPJS tanggal 2026-03-07 (SABTU) ...
[2026-03-07 15:59:00] Tidak ada pasien BPJS baru hari ini.
[2026-03-07 15:59:05] Cek pasien BPJS tanggal 2026-03-07 (SABTU) ...
[2026-03-07 15:59:05] Tidak ada pasien BPJS baru hari ini.
[2026-03-07 15:59:10] Cek pasien BPJS tanggal 2026-03-07 (SABTU) ...
[2026-03-07 15:59:10] Tidak ada pasien BPJS baru hari ini.
[2026-03-07 15:59:15] Cek pasien BPJS tanggal 2026-03-07 (SABTU) ...
[2026-03-07 15:59:15] Tidak ada pasien BPJS baru hari ini.
[2026-03-07 15:59:20] Cek pasien BPJS tanggal 2026-03-07 (SABTU) ...
[2026-03-07 15:59:20] Tidak ada pasien BPJS baru hari ini.
[2026-03-07 15:59:25] Cek pasien BPJS tanggal 2026-03-07 (SABTU) ...
[2026-03-07 15:59:25] Tidak ada pasien BPJS baru hari ini.
[2026-03-07 15:59:30] Cek pasien BPJS tanggal 2026-03-07 (SABTU) ...
[2026-03-07 15:59:30] Tidak ada pasien BPJS baru hari ini.
[2026-03-07 15:59:35] Cek pasien BPJS tanggal 2026-03-07 (SABTU) ...
[2026-03-07 15:59:35] Tidak ada pasien BPJS baru hari ini.
[2026-03-07 15:59:40] Cek pasien BPJS tanggal 2026-03-07 (SABTU) ...
[2026-03-07 15:59:40] Tidak ada pasien BPJS baru hari ini.
[2026-03-07 15:59:45] Cek pasien BPJS tanggal 2026-03-07 (SABTU) ...
[2026-03-07 15:59:45] Tidak ada pasien BPJS baru hari ini.
[2026-03-07 15:59:50] Cek pasien BPJS tanggal 2026-03-07 (SABTU) ...
[2026-03-07 15:59:50] Tidak ada pasien BPJS baru hari ini.
[2026-03-07 15:59:55] Cek pasien BPJS tanggal 2026-03-07 (SABTU) ...
[2026-03-07 15:59:55] Tidak ada pasien BPJS baru hari ini.
[2026-03-07 16:00:00] Cek pasien BPJS tanggal 2026-03-07 (SABTU) ...
[2026-03-07 16:00:00] Tidak ada pasien BPJS baru hari ini.
[2026-03-07 16:00:05] Cek pasien BPJS tanggal 2026-03-07 (SABTU) ...
[2026-03-07 16:00:05] Tidak ada pasien BPJS baru hari ini.
[2026-03-07 16:00:10] Cek pasien BPJS tanggal 2026-03-07 (SABTU) ...
[2026-03-07 16:00:10] Tidak ada pasien BPJS baru hari ini.
[2026-03-07 16:00:15] Cek pasien BPJS tanggal 2026-03-07 (SABTU) ...
[2026-03-07 16:00:15] Tidak ada pasien BPJS baru hari ini.
[2026-03-07 16:00:20] Cek pasien BPJS tanggal 2026-03-07 (SABTU) ...
[2026-03-07 16:00:20] Tidak ada pasien BPJS baru hari ini.
[2026-03-07 16:00:25] Cek pasien BPJS tanggal 2026-03-07 (SABTU) ...
[2026-03-07 16:00:25] Tidak ada pasien BPJS baru hari ini.
[2026-03-07 16:00:30] Cek pasien BPJS tanggal 2026-03-07 (SABTU) ...
[2026-03-07 16:00:30] Tidak ada pasien BPJS baru hari ini.
[2026-03-07 16:00:35] Cek pasien BPJS tanggal 2026-03-07 (SABTU) ...
[2026-03-07 16:00:35] Tidak ada pasien BPJS baru hari ini.
[2026-03-07 16:00:40] Cek pasien BPJS tanggal 2026-03-07 (SABTU) ...
[2026-03-07 16:00:40] Tidak ada pasien BPJS baru hari ini.
[2026-03-07 16:00:45] Cek pasien BPJS tanggal 2026-03-07 (SABTU) ...
[2026-03-07 16:00:45] Tidak ada pasien BPJS baru hari ini.
[2026-03-07 16:00:50] Cek pasien BPJS tanggal 2026-03-07 (SABTU) ...
[2026-03-07 16:00:50] Tidak ada pasien BPJS baru hari ini.
[2026-03-07 16:00:55] Cek pasien BPJS tanggal 2026-03-07 (SABTU) ...
[2026-03-07 16:00:55] Tidak ada pasien BPJS baru hari ini.
[2026-03-07 16:01:00] Cek pasien BPJS tanggal 2026-03-07 (SABTU) ...
[2026-03-07 16:01:00] Tidak ada pasien BPJS baru hari ini.
[2026-03-07 16:01:05] Cek pasien BPJS tanggal 2026-03-07 (SABTU) ...
[2026-03-07 16:01:05] Tidak ada pasien BPJS baru hari ini.
[2026-03-07 16:01:10] Cek pasien BPJS tanggal 2026-03-07 (SABTU) ...
[2026-03-07 16:01:10] Tidak ada pasien BPJS baru hari ini.
[2026-03-07 16:01:15] Cek pasien BPJS tanggal 2026-03-07 (SABTU) ...
[2026-03-07 16:01:15] Tidak ada pasien BPJS baru hari ini.
[2026-03-07 16:01:20] Cek pasien BPJS tanggal 2026-03-07 (SABTU) ...
[2026-03-07 16:01:20] Tidak ada pasien BPJS baru hari ini.
[2026-03-07 16:01:25] Cek pasien BPJS tanggal 2026-03-07 (SABTU) ...
[2026-03-07 16:01:25] Tidak ada pasien BPJS baru hari ini.
[2026-03-07 16:01:30] Cek pasien BPJS tanggal 2026-03-07 (SABTU) ...
[2026-03-07 16:01:30] Tidak ada pasien BPJS baru hari ini.
[2026-03-07 16:01:35] Cek pasien BPJS tanggal 2026-03-07 (SABTU) ...
[2026-03-07 16:01:35] Tidak ada pasien BPJS baru hari ini.
[2026-03-07 16:01:40] Cek pasien BPJS tanggal 2026-03-07 (SABTU) ...
[2026-03-07 16:01:40] Tidak ada pasien BPJS baru hari ini.
[2026-03-07 16:01:45] Cek pasien BPJS tanggal 2026-03-07 (SABTU) ...
[2026-03-07 16:01:45] Tidak ada pasien BPJS baru hari ini.
[2026-03-07 16:01:50] Cek pasien BPJS tanggal 2026-03-07 (SABTU) ...
[2026-03-07 16:01:50] Tidak ada pasien BPJS baru hari ini.
[2026-03-07 16:01:55] Cek pasien BPJS tanggal 2026-03-07 (SABTU) ...
[2026-03-07 16:01:55] Tidak ada pasien BPJS baru hari ini.
[2026-03-07 16:02:00] Cek pasien BPJS tanggal 2026-03-07 (SABTU) ...
[2026-03-07 16:02:00] Tidak ada pasien BPJS baru hari ini.
[2026-03-07 16:02:05] Cek pasien BPJS tanggal 2026-03-07 (SABTU) ...
[2026-03-07 16:02:05] Tidak ada pasien BPJS baru hari ini.
[2026-03-07 16:02:10] Cek pasien BPJS tanggal 2026-03-07 (SABTU) ...
[2026-03-07 16:02:10] Tidak ada pasien BPJS baru hari ini.
[2026-03-07 16:02:15] Cek pasien BPJS tanggal 2026-03-07 (SABTU) ...
[2026-03-07 16:02:15] Tidak ada pasien BPJS baru hari ini.
[2026-03-07 16:02:20] Cek pasien BPJS tanggal 2026-03-07 (SABTU) ...
[2026-03-07 16:02:20] Tidak ada pasien BPJS baru hari ini.
[2026-03-07 16:02:25] Cek pasien BPJS tanggal 2026-03-07 (SABTU) ...
[2026-03-07 16:02:25] Tidak ada pasien BPJS baru hari ini.
[2026-03-07 16:02:30] Cek pasien BPJS tanggal 2026-03-07 (SABTU) ...
[2026-03-07 16:02:30] Tidak ada pasien BPJS baru hari ini.
[2026-03-07 16:02:36] Cek pasien BPJS tanggal 2026-03-07 (SABTU) ...
[2026-03-07 16:02:36] Tidak ada pasien BPJS baru hari ini.
[2026-03-07 16:02:41] Cek pasien BPJS tanggal 2026-03-07 (SABTU) ...
[2026-03-07 16:02:41] Tidak ada pasien BPJS baru hari ini.
[2026-03-07 16:02:46] Cek pasien BPJS tanggal 2026-03-07 (SABTU) ...
[2026-03-07 16:02:46] Tidak ada pasien BPJS baru hari ini.
[2026-03-07 16:02:51] Cek pasien BPJS tanggal 2026-03-07 (SABTU) ...
[2026-03-07 16:02:51] Tidak ada pasien BPJS baru hari ini.
[2026-03-07 16:02:56] Cek pasien BPJS tanggal 2026-03-07 (SABTU) ...
[2026-03-07 16:02:56] Tidak ada pasien BPJS baru hari ini.
[2026-03-07 16:03:01] Cek pasien BPJS tanggal 2026-03-07 (SABTU) ...
[2026-03-07 16:03:01] Tidak ada pasien BPJS baru hari ini.
[2026-03-07 16:03:06] Cek pasien BPJS tanggal 2026-03-07 (SABTU) ...
[2026-03-07 16:03:06] Tidak ada pasien BPJS baru hari ini.
[2026-03-07 16:03:11] Cek pasien BPJS tanggal 2026-03-07 (SABTU) ...
[2026-03-07 16:03:11] Tidak ada pasien BPJS baru hari ini.
[2026-03-07 16:03:16] Cek pasien BPJS tanggal 2026-03-07 (SABTU) ...
[2026-03-07 16:03:16] Tidak ada pasien BPJS baru hari ini.
[2026-03-07 16:03:21] Cek pasien BPJS tanggal 2026-03-07 (SABTU) ...
[2026-03-07 16:03:21] Tidak ada pasien BPJS baru hari ini.
[2026-03-07 16:03:26] Cek pasien BPJS tanggal 2026-03-07 (SABTU) ...
[2026-03-07 16:03:26] Tidak ada pasien BPJS baru hari ini.
[2026-03-07 16:03:31] Cek pasien BPJS tanggal 2026-03-07 (SABTU) ...
[2026-03-07 16:03:31] Tidak ada pasien BPJS baru hari ini.
[2026-03-07 16:03:36] Cek pasien BPJS tanggal 2026-03-07 (SABTU) ...
[2026-03-07 16:03:36] Tidak ada pasien BPJS baru hari ini.
[2026-03-07 16:03:41] Cek pasien BPJS tanggal 2026-03-07 (SABTU) ...
[2026-03-07 16:03:41] Tidak ada pasien BPJS baru hari ini.
[2026-03-07 16:03:46] Cek pasien BPJS tanggal 2026-03-07 (SABTU) ...
[2026-03-07 16:03:46] Tidak ada pasien BPJS baru hari ini.
[2026-03-07 16:03:51] Cek pasien BPJS tanggal 2026-03-07 (SABTU) ...
[2026-03-07 16:03:51] Tidak ada pasien BPJS baru hari ini.
[2026-03-07 16:03:56] Cek pasien BPJS tanggal 2026-03-07 (SABTU) ...
[2026-03-07 16:03:56] Tidak ada pasien BPJS baru hari ini.
[2026-03-07 16:04:01] Cek pasien BPJS tanggal 2026-03-07 (SABTU) ...
[2026-03-07 16:04:01] Tidak ada pasien BPJS baru hari ini.
[2026-03-07 16:04:06] Cek pasien BPJS tanggal 2026-03-07 (SABTU) ...
[2026-03-07 16:04:06] Tidak ada pasien BPJS baru hari ini.
[2026-03-07 16:04:11] Cek pasien BPJS tanggal 2026-03-07 (SABTU) ...
[2026-03-07 16:04:11] Tidak ada pasien BPJS baru hari ini.
[2026-03-07 16:04:16] Cek pasien BPJS tanggal 2026-03-07 (SABTU) ...
[2026-03-07 16:04:16] Tidak ada pasien BPJS baru hari ini.
[2026-03-07 16:04:21] Cek pasien BPJS tanggal 2026-03-07 (SABTU) ...
[2026-03-07 16:04:21] Tidak ada pasien BPJS baru hari ini.
[2026-03-07 16:04:26] Cek pasien BPJS tanggal 2026-03-07 (SABTU) ...
[2026-03-07 16:04:26] Tidak ada pasien BPJS baru hari ini.
[2026-03-07 16:04:31] Cek pasien BPJS tanggal 2026-03-07 (SABTU) ...
[2026-03-07 16:04:31] Tidak ada pasien BPJS baru hari ini.
[2026-03-07 16:04:36] Cek pasien BPJS tanggal 2026-03-07 (SABTU) ...
[2026-03-07 16:04:36] Tidak ada pasien BPJS baru hari ini.
[2026-03-07 16:04:41] Cek pasien BPJS tanggal 2026-03-07 (SABTU) ...
[2026-03-07 16:04:41] Tidak ada pasien BPJS baru hari ini.
[2026-03-07 16:04:46] Cek pasien BPJS tanggal 2026-03-07 (SABTU) ...
[2026-03-07 16:04:46] Tidak ada pasien BPJS baru hari ini.
[2026-03-07 16:04:51] Cek pasien BPJS tanggal 2026-03-07 (SABTU) ...
[2026-03-07 16:04:51] Tidak ada pasien BPJS baru hari ini.
[2026-03-07 16:04:56] Cek pasien BPJS tanggal 2026-03-07 (SABTU) ...
[2026-03-07 16:04:56] Tidak ada pasien BPJS baru hari ini.
[2026-03-07 16:05:01] Cek pasien BPJS tanggal 2026-03-07 (SABTU) ...
[2026-03-07 16:05:01] Tidak ada pasien BPJS baru hari ini.
[2026-03-07 16:05:06] Cek pasien BPJS tanggal 2026-03-07 (SABTU) ...
[2026-03-07 16:05:06] Tidak ada pasien BPJS baru hari ini.
[2026-03-07 16:05:11] Cek pasien BPJS tanggal 2026-03-07 (SABTU) ...
[2026-03-07 16:05:11] Tidak ada pasien BPJS baru hari ini.
[2026-03-07 16:05:16] Cek pasien BPJS tanggal 2026-03-07 (SABTU) ...
[2026-03-07 16:05:16] Tidak ada pasien BPJS baru hari ini.
[2026-03-07 16:05:21] Cek pasien BPJS tanggal 2026-03-07 (SABTU) ...
[2026-03-07 16:05:21] Tidak ada pasien BPJS baru hari ini.
[2026-03-07 16:05:26] Cek pasien BPJS tanggal 2026-03-07 (SABTU) ...
[2026-03-07 16:05:26] Tidak ada pasien BPJS baru hari ini.
